#
# A fatal error has been detected by the Java Runtime Environment:
#
#  SIGSEGV (0xb) at pc=0x00007fa7198b9a74, pid=6950, tid=6957
#
# JRE version: OpenJDK Runtime Environment AdoptOpenJDK (11.0.10+9) (build 11.0.10+9)
# Java VM: OpenJDK 64-Bit Server VM AdoptOpenJDK (11.0.10+9, mixed mode, tiered, compressed oops, parallel gc, linux-amd64)
# Problematic frame:
# V  [libjvm.so+0xccda74]  ObjArrayKlass::oop_pc_follow_contents(oopDesc*, ParCompactionManager*)+0x554
#
# Core dump will be written. Default location: Core dumps may be processed with "/usr/lib/systemd/systemd-coredump %P %u %g %s %t %c %h" (or dumping to /home/rauldelary/projects/ilia-folha-de-ponto/core.6950)
#
# If you would like to submit a bug report, please visit:
#   https://github.com/AdoptOpenJDK/openjdk-support/issues
#

---------------  S U M M A R Y ------------

Command Line: --add-modules=ALL-SYSTEM --add-opens=java.base/java.util=ALL-UNNAMED --add-opens=java.base/java.lang=ALL-UNNAMED -Declipse.application=org.eclipse.jdt.ls.core.id1 -Dosgi.bundles.defaultStartLevel=4 -Declipse.product=org.eclipse.jdt.ls.core.product -Dfile.encoding=utf8 -XX:+UseParallelGC -XX:GCTimeRatio=4 -XX:AdaptiveSizePolicyWeight=90 -Dsun.zip.disableMemoryMapping=true -Xmx1G -Xms100m -Xverify:none /home/rauldelary/.vscode/extensions/redhat.java-0.75.0/server/plugins/org.eclipse.equinox.launcher_1.6.0.v20200915-1508.jar -configuration /home/rauldelary/.config/Code/User/globalStorage/redhat.java/0.75.0/config_linux -data /home/rauldelary/.config/Code/User/workspaceStorage/0819951ecafd7733e743bda42b3b13eb/redhat.java/jdt_ws

Host: Intel(R) Core(TM) i3-4170 CPU @ 3.70GHz, 4 cores, 7G, Fedora release 33 (Thirty Three)
Time: Sat Feb 20 21:59:56 2021 -03 elapsed time: 29586.830264 seconds (0d 8h 13m 6s)

---------------  T H R E A D  ---------------

Current thread (0x00007fa71403f000):  GCTaskThread "ParGC Thread#0" [stack: 0x00007fa6fba7c000,0x00007fa6fbb7c000] [id=6957]

Stack: [0x00007fa6fba7c000,0x00007fa6fbb7c000],  sp=0x00007fa6fbb7aad0,  free space=1018k
Native frames: (J=compiled Java code, A=aot compiled Java code, j=interpreted, Vv=VM code, C=native code)
V  [libjvm.so+0xccda74]  ObjArrayKlass::oop_pc_follow_contents(oopDesc*, ParCompactionManager*)+0x554
V  [libjvm.so+0xcce1ca]  ParCompactionManager::follow_marking_stacks()+0x41a
V  [libjvm.so+0xca729a]  ThreadRootsMarkingTask::do_it(GCTaskManager*, unsigned int)+0xca
V  [libjvm.so+0x806beb]  GCTaskThread::run()+0x1fb
V  [libjvm.so+0xebd9bf]  Thread::call_run()+0x14f
V  [libjvm.so+0xc5dbde]  thread_native_entry(Thread*)+0xee


siginfo: si_signo: 11 (SIGSEGV), si_code: 1 (SEGV_MAPERR), si_addr: 0x000000061873cd08

Register to memory mapping:

RAX=0x0000000000000001 is an unknown value
RBX=0x00007fa7140fffc0 points into unknown readable memory: 0x1c00000005003400 | 00 34 00 05 00 00 00 1c
RCX=0x0000000000000003 is an unknown value
RDX=0x00007fa71a126550: <offset 0x000000000153a550> in /home/rauldelary/.sdkman/candidates/java/11.0.10.hs-adpt/lib/server/libjvm.so at 0x00007fa718bec000
RSP=0x00007fa6fbb7aad0 points into unknown readable memory: 0x00007fa6fbb7ab30 | 30 ab b7 fb a6 7f 00 00
RBP=0x00007fa6fbb7ab30 points into unknown readable memory: 0x00007fa6fbb7abd0 | d0 ab b7 fb a6 7f 00 00
RSI=0x000000000001a8a4 is an unknown value
RDI=0x000000061873cd00 is an unknown value
R8 =0x000000000000006a is an unknown value
R9 =0x000000000000006a is an unknown value
R10=0x00007fa71a10a3c8: <offset 0x000000000151e3c8> in /home/rauldelary/.sdkman/candidates/java/11.0.10.hs-adpt/lib/server/libjvm.so at 0x00007fa718bec000
R11=0x00007fa6f9b4e5a0 points into unknown readable memory: 0x4440000000000000 | 00 00 00 00 00 00 40 44
R12=0x00000000c3516130 is an oop: org.eclipse.jdt.internal.core.ClassFile 
{0x00000000c3516130} - klass: 'org/eclipse/jdt/internal/core/ClassFile'
R13=0x00000000c3514990 is pointing into object: org.eclipse.jdt.internal.core.ClassFile 
{0x00000000c3514988} - klass: 'org/eclipse/jdt/internal/core/ClassFile'
R14=0x0000000000000001 is an unknown value
R15=0x00000000c3516020 is pointing into object: [Lorg.eclipse.jdt.core.IJavaElement; 
{0x00000000c3515d08} - klass: 'org/eclipse/jdt/core/IJavaElement'[]
 - length: 262


Registers:
RAX=0x0000000000000001, RBX=0x00007fa7140fffc0, RCX=0x0000000000000003, RDX=0x00007fa71a126550
RSP=0x00007fa6fbb7aad0, RBP=0x00007fa6fbb7ab30, RSI=0x000000000001a8a4, RDI=0x000000061873cd00
R8 =0x000000000000006a, R9 =0x000000000000006a, R10=0x00007fa71a10a3c8, R11=0x00007fa6f9b4e5a0
R12=0x00000000c3516130, R13=0x00000000c3514990, R14=0x0000000000000001, R15=0x00000000c3516020
RIP=0x00007fa7198b9a74, EFLAGS=0x0000000000010206, CSGSFS=0x002b000000000033, ERR=0x0000000000000004
  TRAPNO=0x000000000000000e

Top of Stack: (sp=0x00007fa6fbb7aad0)
0x00007fa6fbb7aad0:   00007fa6fbb7ab30 0000000000000004
0x00007fa6fbb7aae0:   00000000c09d0530 000000010055a338
0x00007fa6fbb7aaf0:   00000000c3515ce8 0000000000000085
0x00007fa6fbb7ab00:   00007fa71a054e68 00007fa7140fffc0 

Instructions: (pc=0x00007fa7198b9a74)
0x00007fa7198b9974:   f8 03 eb 14 0f 1f 84 00 00 00 00 00 48 8b 07 4c
0x00007fa7198b9984:   89 ee ff 90 10 01 00 00 48 8d 3d 4d 4c 8b 00 48
0x00007fa7198b9994:   63 c8 4c 89 ee 48 89 ca 48 89 4d a8 e8 cb b6 fa
0x00007fa7198b99a4:   ff 84 c0 48 8b 4d a8 0f 84 37 ff ff ff 48 8d 3d
0x00007fa7198b99b4:   e8 4b 8b 00 48 89 ca 4c 89 ee e8 6d a7 00 00 8b
0x00007fa7198b99c4:   43 08 8b 93 88 00 00 00 89 c7 89 c1 29 d7 89 fa
0x00007fa7198b99d4:   81 e2 ff ff 01 00 81 fa fd ff 01 00 0f 86 a7 01
0x00007fa7198b99e4:   00 00 81 fa ff ff 01 00 0f 84 95 01 00 00 48 8b
0x00007fa7198b99f4:   83 b8 00 00 00 48 3b 83 a0 00 00 00 0f 84 49 03
0x00007fa7198b9a04:   00 00 48 8b 93 d0 00 00 00 4c 89 2c c2 48 83 83
0x00007fa7198b9a14:   b8 00 00 00 01 e9 ca fe ff ff 66 90 0f 85 ea 00
0x00007fa7198b9a24:   00 00 48 8b 07 4c 89 fe ff 90 10 01 00 00 e9 4b
0x00007fa7198b9a34:   fc ff ff 66 0f 1f 84 00 00 00 00 00 48 8d 15 09
0x00007fa7198b9a44:   cb 86 00 41 8b 7f 08 8b 4a 08 48 d3 e7 48 03 3a
0x00007fa7198b9a54:   e9 0f fc ff ff 0f 1f 80 00 00 00 00 48 8d 15 e9
0x00007fa7198b9a64:   ca 86 00 41 8b 7d 08 8b 4a 08 48 d3 e7 48 03 3a
0x00007fa7198b9a74:   8b 4f 08 83 f9 00 0f 8f ec fe ff ff 0f 84 fa fe
0x00007fa7198b9a84:   ff ff 3c 01 48 8d 05 3d 09 85 00 48 19 d2 83 e2
0x00007fa7198b9a94:   04 8b 00 49 63 54 15 0c 8d 70 ff f7 d8 48 d3 e2
0x00007fa7198b9aa4:   c1 f9 10 48 98 0f b6 c9 48 63 f6 48 01 f1 48 01
0x00007fa7198b9ab4:   d1 48 21 c1 48 c1 e9 03 89 c8 e9 c9 fe ff ff 0f
0x00007fa7198b9ac4:   1f 44 00 00 4d 8d 24 97 e9 ff fd ff ff 0f 1f 80
0x00007fa7198b9ad4:   00 00 00 00 ff d0 49 89 c6 e9 77 fa ff ff 66 0f
0x00007fa7198b9ae4:   1f 44 00 00 8b 4b 08 48 89 c8 48 8b 93 90 00 00
0x00007fa7198b9af4:   00 83 c0 01 25 ff ff 01 00 48 8d 14 ca 4c 89 3a
0x00007fa7198b9b04:   89 43 08 e9 f4 fa ff ff 0f 1f 40 00 3c 01 48 8d
0x00007fa7198b9b14:   05 b3 08 85 00 48 19 d2 83 e2 04 8b 00 49 63 54
0x00007fa7198b9b24:   17 0c 8d 70 ff f7 d8 48 d3 e2 c1 f9 10 48 98 0f
0x00007fa7198b9b34:   b6 c9 48 63 f6 48 01 f1 48 01 d1 48 21 c1 48 c1
0x00007fa7198b9b44:   e9 03 89 c8 e9 35 fb ff ff 0f 1f 00 48 8d 05 f9
0x00007fa7198b9b54:   c9 86 00 41 8b 7e 08 8b 48 08 48 d3 e7 48 03 38
0x00007fa7198b9b64:   e9 64 fc ff ff 0f 1f 80 00 00 00 00 0f 85 3a 01 


Stack slot to memory mapping:
stack at sp + 0 slots: 0x00007fa6fbb7ab30 points into unknown readable memory: 0x00007fa6fbb7abd0 | d0 ab b7 fb a6 7f 00 00
stack at sp + 1 slots: 0x0000000000000004 is an unknown value
stack at sp + 2 slots: 0x00000000c09d0530 is an oop: [Ljava.util.Hashtable$Entry; 
{0x00000000c09d0530} - klass: 'java/util/Hashtable$Entry'[]
 - length: 3556
stack at sp + 3 slots: 0x000000010055a338 is a pointer to class: 
org.eclipse.jdt.internal.core.nd.java.model.BinaryModuleFactory {0x000000010055a338}
stack at sp + 4 slots: 0x00000000c3515ce8 is an oop: org.eclipse.jdt.internal.core.JarPackageFragmentInfo 
{0x00000000c3515ce8} - klass: 'org/eclipse/jdt/internal/core/JarPackageFragmentInfo'
stack at sp + 5 slots: 0x0000000000000085 is an unknown value
stack at sp + 6 slots: 0x00007fa71a054e68: <offset 0x0000000001468e68> in /home/rauldelary/.sdkman/candidates/java/11.0.10.hs-adpt/lib/server/libjvm.so at 0x00007fa718bec000
stack at sp + 7 slots: 0x00007fa7140fffc0 points into unknown readable memory: 0x1c00000005003400 | 00 34 00 05 00 00 00 1c


---------------  P R O C E S S  ---------------

Threads class SMR info:
_java_thread_list=0x00007fa68c0d6a40, length=26, elements={
0x00007fa714027800, 0x00007fa7141ac000, 0x00007fa7141b0800, 0x00007fa7141cd800,
0x00007fa7141cf800, 0x00007fa7141d1800, 0x00007fa7141d3800, 0x00007fa7141d5800,
0x00007fa71423f000, 0x00007fa714472000, 0x00007fa7144b0000, 0x00007fa7144b2800,
0x00007fa6a0033800, 0x00007fa6a0204800, 0x00007fa6a0417000, 0x00007fa6a04c3800,
0x00007fa714425000, 0x00007fa71451e800, 0x00007fa688396800, 0x0000563760e1f800,
0x00007fa68421c000, 0x00007fa6b001f800, 0x00007fa6b0022800, 0x00007fa6700c5800,
0x00007fa6d0003800, 0x00007fa67c067000
}

Java Threads: ( => current thread )
  0x00007fa714027800 JavaThread "main" [_thread_blocked, id=6955, stack(0x00007fa7189a5000,0x00007fa718aa6000)]
  0x00007fa7141ac000 JavaThread "Reference Handler" daemon [_thread_blocked, id=6963, stack(0x00007fa6f3dfd000,0x00007fa6f3efe000)]
  0x00007fa7141b0800 JavaThread "Finalizer" daemon [_thread_blocked, id=6964, stack(0x00007fa6f3cfc000,0x00007fa6f3dfd000)]
  0x00007fa7141cd800 JavaThread "Signal Dispatcher" daemon [_thread_blocked, id=6967, stack(0x00007fa6f3bfb000,0x00007fa6f3cfc000)]
  0x00007fa7141cf800 JavaThread "Service Thread" daemon [_thread_blocked, id=6973, stack(0x00007fa6f3afa000,0x00007fa6f3bfb000)]
  0x00007fa7141d1800 JavaThread "C2 CompilerThread0" daemon [_thread_blocked, id=6974, stack(0x00007fa6f39f9000,0x00007fa6f3afa000)]
  0x00007fa7141d3800 JavaThread "C1 CompilerThread0" daemon [_thread_blocked, id=6975, stack(0x00007fa6f38f8000,0x00007fa6f39f9000)]
  0x00007fa7141d5800 JavaThread "Sweeper thread" daemon [_thread_blocked, id=6976, stack(0x00007fa6f37f7000,0x00007fa6f38f8000)]
  0x00007fa71423f000 JavaThread "Common-Cleaner" daemon [_thread_blocked, id=6977, stack(0x00007fa6f36f6000,0x00007fa6f37f7000)]
  0x00007fa714472000 JavaThread "Active Thread: Equinox Container: f1a080a2-0f49-472f-adeb-01ce9eba8991" [_thread_blocked, id=6996, stack(0x00007fa6f2bca000,0x00007fa6f2ccb000)]
  0x00007fa7144b0000 JavaThread "Framework Event Dispatcher: Equinox Container: f1a080a2-0f49-472f-adeb-01ce9eba8991" daemon [_thread_blocked, id=6997, stack(0x00007fa6f2ac9000,0x00007fa6f2bca000)]
  0x00007fa7144b2800 JavaThread "Start Level: Equinox Container: f1a080a2-0f49-472f-adeb-01ce9eba8991" daemon [_thread_blocked, id=6998, stack(0x00007fa6f29c8000,0x00007fa6f2ac9000)]
  0x00007fa6a0033800 JavaThread "SCR Component Actor" daemon [_thread_blocked, id=7004, stack(0x00007fa6f23b0000,0x00007fa6f24b1000)]
  0x00007fa6a0204800 JavaThread "Worker-JM" [_thread_blocked, id=7012, stack(0x00007fa6f1caf000,0x00007fa6f1db0000)]
  0x00007fa6a0417000 JavaThread "Java indexing" daemon [_thread_blocked, id=7019, stack(0x00007fa6f15ac000,0x00007fa6f16ad000)]
  0x00007fa6a04c3800 JavaThread "logback configurator timer" daemon [_thread_blocked, id=7042, stack(0x00007fa6f35f5000,0x00007fa6f36f6000)]
  0x00007fa714425000 JavaThread "pool-3-thread-1" [_thread_blocked, id=7044, stack(0x00007fa6f0ca9000,0x00007fa6f0daa000)]
  0x00007fa71451e800 JavaThread "pool-2-thread-1" [_thread_blocked, id=7046, stack(0x00007fa6f09a8000,0x00007fa6f0aa9000)]
  0x00007fa688396800 JavaThread "Bundle File Closer" daemon [_thread_blocked, id=7049, stack(0x00007fa6f05a6000,0x00007fa6f06a7000)]
  0x0000563760e1f800 JavaThread "Worker-5" [_thread_blocked, id=7394, stack(0x00007fa6d5884000,0x00007fa6d5985000)]
  0x00007fa68421c000 JavaThread "Java Debug Server" daemon [_thread_in_native, id=38124, stack(0x00007fa6d5783000,0x00007fa6d5884000)]
  0x00007fa6b001f800 JavaThread "RxSchedulerPurge-1" daemon [_thread_blocked, id=38126, stack(0x00007fa6d5b85000,0x00007fa6d5c86000)]
  0x00007fa6b0022800 JavaThread "RxCachedWorkerPoolEvictor-1" daemon [_thread_blocked, id=38127, stack(0x00007fa6d4581000,0x00007fa6d4682000)]
  0x00007fa6700c5800 JavaThread "ForkJoinPool.commonPool-worker-3" daemon [_thread_blocked, id=39297, stack(0x00007fa6f12ab000,0x00007fa6f13ac000)]
  0x00007fa6d0003800 JavaThread "Worker-9" [_thread_blocked, id=39390, stack(0x00007fa6f11aa000,0x00007fa6f12ab000)]
  0x00007fa67c067000 JavaThread "process reaper" daemon [_thread_blocked, id=39559, stack(0x00007fa718009000,0x00007fa71802b000)]

Other Threads:
  0x00007fa7141a4000 VMThread "VM Thread" [stack: 0x00007fa6f3f00000,0x00007fa6f4000000] [id=6960]
  0x00007fa714295800 WatcherThread [stack: 0x00007fa6f34f5000,0x00007fa6f35f5000] [id=6981]
=>0x00007fa71403f000 GCTaskThread "ParGC Thread#0" [stack: 0x00007fa6fba7c000,0x00007fa6fbb7c000] [id=6957]
  0x00007fa6ec001000 GCTaskThread "ParGC Thread#1" [stack: 0x00007fa6f26b7000,0x00007fa6f27b7000] [id=7001]
  0x00007fa6ec002800 GCTaskThread "ParGC Thread#2" [stack: 0x00007fa6f25b5000,0x00007fa6f26b5000] [id=7002]
  0x00007fa6ec004000 GCTaskThread "ParGC Thread#3" [stack: 0x00007fa6f24b3000,0x00007fa6f25b3000] [id=7003]

Threads with active compile tasks:

VM state:at safepoint (normal execution)

VM Mutex/Monitor currently owned by a thread:  ([mutex/lock_event])
[0x00007fa714024660] Threads_lock - owner thread: 0x00007fa7141a4000
[0x00007fa714024e40] Heap_lock - owner thread: 0x00007fa6700c5800

Heap address: 0x00000000c0000000, size: 1024 MB, Compressed Oops mode: 32-bit
Narrow klass base: 0x0000000000000000, Narrow klass shift: 3
Compressed class space size: 1073741824 Address: 0x0000000100000000

Heap:
 PSYoungGen      total 7680K, used 503K [0x00000000eab00000, 0x00000000ebb00000, 0x0000000100000000)
  eden space 7168K, 0% used [0x00000000eab00000,0x00000000eab00000,0x00000000eb200000)
  from space 512K, 98% used [0x00000000eb480000,0x00000000eb4fddb8,0x00000000eb500000)
  to   space 4608K, 0% used [0x00000000eb680000,0x00000000eb680000,0x00000000ebb00000)
 ParOldGen       total 111104K, used 108715K [0x00000000c0000000, 0x00000000c6c80000, 0x00000000eab00000)
  object space 111104K, 97% used [0x00000000c0000000,0x00000000c6a2ac30,0x00000000c6c80000)
 Metaspace       used 80747K, capacity 84186K, committed 84480K, reserved 1124352K
  class space    used 7622K, capacity 8859K, committed 8960K, reserved 1048576K

Card table byte_map: [0x00007fa6fbcd2000,0x00007fa6fbed3000] _byte_map_base: 0x00007fa6fb6d2000

Marking Bits: (ParMarkBitMap*) 0x00007fa71a16e5e0
 Begin Bits: [0x00007fa6f9a7a000, 0x00007fa6faa7a000)
 End Bits:   [0x00007fa6faa7a000, 0x00007fa6fba7a000)

Polling page: 0x00007fa71a5d2000

Metaspace:

Usage:
  Non-class:     73.56 MB capacity,    71.41 MB ( 97%) used,     1.98 MB (  3%) free+waste,   174.56 KB ( <1%) overhead. 
      Class:      8.65 MB capacity,     7.44 MB ( 86%) used,     1.14 MB ( 13%) free+waste,    73.06 KB ( <1%) overhead. 
       Both:     82.21 MB capacity,    78.85 MB ( 96%) used,     3.12 MB (  4%) free+waste,   247.62 KB ( <1%) overhead. 

Virtual space:
  Non-class space:       74.00 MB reserved,      73.75 MB (>99%) committed 
      Class space:        1.00 GB reserved,       8.75 MB ( <1%) committed 
             Both:        1.07 GB reserved,      82.50 MB (  8%) committed 

Chunk freelists:
   Non-Class:  1.00 KB
       Class:  5.00 KB
        Both:  6.00 KB

MaxMetaspaceSize: unlimited
CompressedClassSpaceSize: 1.00 GB

CodeHeap 'non-profiled nmethods': size=120032Kb used=11746Kb max_used=12223Kb free=108285Kb
 bounds [0x00007fa703a86000, 0x00007fa704686000, 0x00007fa70afbe000]
CodeHeap 'profiled nmethods': size=120032Kb used=36899Kb max_used=38734Kb free=83132Kb
 bounds [0x00007fa6fc54e000, 0x00007fa6feb4e000, 0x00007fa703a86000]
CodeHeap 'non-nmethods': size=5696Kb used=1284Kb max_used=1362Kb free=4411Kb
 bounds [0x00007fa6fbfbe000, 0x00007fa6fc22e000, 0x00007fa6fc54e000]
 total_blobs=14636 nmethods=13916 adapters=631
 compilation: enabled
              stopped_count=0, restarted_count=0
 full_count=0

Compilation events (20 events):
Event: 29357.809 Thread 0x00007fa7141d3800 16323       1       java.util.concurrent.SynchronousQueue::isEmpty (2 bytes)
Event: 29357.809 Thread 0x00007fa7141d3800 nmethod 16323 0x00007fa703e21110 code [0x00007fa703e212c0, 0x00007fa703e21370]
Event: 29364.133 Thread 0x00007fa7141d1800 16324       4       java.util.concurrent.ConcurrentHashMap::sumCount (60 bytes)
Event: 29364.133 Thread 0x00007fa7141d1800 nmethod 16324 0x00007fa703d60790 code [0x00007fa703d60920, 0x00007fa703d60998]
Event: 29477.133 Thread 0x00007fa7141d1800 16325       4       java.util.concurrent.ScheduledThreadPoolExecutor$DelayedWorkQueue::add (9 bytes)
Event: 29477.143 Thread 0x00007fa7141d1800 nmethod 16325 0x00007fa703eccf10 code [0x00007fa703ecd160, 0x00007fa703ecd700]
Event: 29481.133 Thread 0x00007fa7141d1800 16326       4       java.util.concurrent.ScheduledThreadPoolExecutor$ScheduledFutureTask::run (57 bytes)
Event: 29481.150 Thread 0x00007fa7141d1800 nmethod 16326 0x00007fa703f41210 code [0x00007fa703f414c0, 0x00007fa703f41ee0]
Event: 29584.831 Thread 0x00007fa7141d3800 16327       3       org.eclipse.jdt.internal.formatter.Token::breakBefore (6 bytes)
Event: 29584.831 Thread 0x00007fa7141d3800 nmethod 16327 0x00007fa6fca43010 code [0x00007fa6fca431c0, 0x00007fa6fca433d0]
Event: 29584.834 Thread 0x00007fa7141d3800 16328       3       org.eclipse.jface.text.AbstractDocument::addPosition (147 bytes)
Event: 29584.835 Thread 0x00007fa7141d3800 nmethod 16328 0x00007fa6fd008790 code [0x00007fa6fd008a60, 0x00007fa6fd0099f0]
Event: 29584.836 Thread 0x00007fa7141d3800 16329       3       org.eclipse.jdt.core.dom.Modifier::isProtected (10 bytes)
Event: 29584.836 Thread 0x00007fa7141d3800 nmethod 16329 0x00007fa6fc898490 code [0x00007fa6fc898640, 0x00007fa6fc898770]
Event: 29584.836 Thread 0x00007fa7141d3800 16330       3       org.eclipse.ltk.core.refactoring.TextEditBasedChange::setTextType (13 bytes)
Event: 29584.836 Thread 0x00007fa7141d3800 nmethod 16330 0x00007fa6fcaba390 code [0x00007fa6fcaba540, 0x00007fa6fcaba690]
Event: 29584.839 Thread 0x00007fa7141d1800 16331   !   4       org.eclipse.jdt.core.dom.AbstractTypeDeclaration::getName (62 bytes)
Event: 29584.843 Thread 0x00007fa7141d1800 nmethod 16331 0x00007fa703f23c10 code [0x00007fa703f23de0, 0x00007fa703f242b8]
Event: 29584.843 Thread 0x00007fa7141d1800 16332       4       org.eclipse.jdt.internal.formatter.TokenManager::getLength (102 bytes)
Event: 29584.847 Thread 0x00007fa7141d1800 nmethod 16332 0x00007fa703e41090 code [0x00007fa703e41220, 0x00007fa703e41518]

GC Heap History (20 events):
Event: 29336.672 GC heap after
{Heap after GC invocations=825 (full 29):
 PSYoungGen      total 8192K, used 656K [0x00000000eab00000, 0x00000000eb600000, 0x0000000100000000)
  eden space 7168K, 0% used [0x00000000eab00000,0x00000000eab00000,0x00000000eb200000)
  from space 1024K, 64% used [0x00000000eb500000,0x00000000eb5a42a8,0x00000000eb600000)
  to   space 1536K, 0% used [0x00000000eb300000,0x00000000eb300000,0x00000000eb480000)
 ParOldGen       total 111104K, used 101530K [0x00000000c0000000, 0x00000000c6c80000, 0x00000000eab00000)
  object space 111104K, 91% used [0x00000000c0000000,0x00000000c6326b40,0x00000000c6c80000)
 Metaspace       used 80675K, capacity 84186K, committed 84480K, reserved 1124352K
  class space    used 7622K, capacity 8859K, committed 8960K, reserved 1048576K
}
Event: 29336.714 GC heap before
{Heap before GC invocations=826 (full 29):
 PSYoungGen      total 8192K, used 7824K [0x00000000eab00000, 0x00000000eb600000, 0x0000000100000000)
  eden space 7168K, 100% used [0x00000000eab00000,0x00000000eb200000,0x00000000eb200000)
  from space 1024K, 64% used [0x00000000eb500000,0x00000000eb5a42a8,0x00000000eb600000)
  to   space 1536K, 0% used [0x00000000eb300000,0x00000000eb300000,0x00000000eb480000)
 ParOldGen       total 111104K, used 101530K [0x00000000c0000000, 0x00000000c6c80000, 0x00000000eab00000)
  object space 111104K, 91% used [0x00000000c0000000,0x00000000c6326b40,0x00000000c6c80000)
 Metaspace       used 80682K, capacity 84186K, committed 84480K, reserved 1124352K
  class space    used 7622K, capacity 8859K, committed 8960K, reserved 1048576K
}
Event: 29336.719 GC heap after
{Heap after GC invocations=826 (full 29):
 PSYoungGen      total 8704K, used 1509K [0x00000000eab00000, 0x00000000eb800000, 0x0000000100000000)
  eden space 7168K, 0% used [0x00000000eab00000,0x00000000eab00000,0x00000000eb200000)
  from space 1536K, 98% used [0x00000000eb300000,0x00000000eb479430,0x00000000eb480000)
  to   space 3072K, 0% used [0x00000000eb500000,0x00000000eb500000,0x00000000eb800000)
 ParOldGen       total 111104K, used 102304K [0x00000000c0000000, 0x00000000c6c80000, 0x00000000eab00000)
  object space 111104K, 92% used [0x00000000c0000000,0x00000000c63e8268,0x00000000c6c80000)
 Metaspace       used 80682K, capacity 84186K, committed 84480K, reserved 1124352K
  class space    used 7622K, capacity 8859K, committed 8960K, reserved 1048576K
}
Event: 29336.751 GC heap before
{Heap before GC invocations=827 (full 29):
 PSYoungGen      total 8704K, used 8677K [0x00000000eab00000, 0x00000000eb800000, 0x0000000100000000)
  eden space 7168K, 100% used [0x00000000eab00000,0x00000000eb200000,0x00000000eb200000)
  from space 1536K, 98% used [0x00000000eb300000,0x00000000eb479430,0x00000000eb480000)
  to   space 3072K, 0% used [0x00000000eb500000,0x00000000eb500000,0x00000000eb800000)
 ParOldGen       total 111104K, used 102304K [0x00000000c0000000, 0x00000000c6c80000, 0x00000000eab00000)
  object space 111104K, 92% used [0x00000000c0000000,0x00000000c63e8268,0x00000000c6c80000)
 Metaspace       used 80689K, capacity 84186K, committed 84480K, reserved 1124352K
  class space    used 7622K, capacity 8859K, committed 8960K, reserved 1048576K
}
Event: 29336.754 GC heap after
{Heap after GC invocations=827 (full 29):
 PSYoungGen      total 7680K, used 226K [0x00000000eab00000, 0x00000000eb580000, 0x0000000100000000)
  eden space 7168K, 0% used [0x00000000eab00000,0x00000000eab00000,0x00000000eb200000)
  from space 512K, 44% used [0x00000000eb500000,0x00000000eb538990,0x00000000eb580000)
  to   space 1024K, 0% used [0x00000000eb380000,0x00000000eb380000,0x00000000eb480000)
 ParOldGen       total 111104K, used 104246K [0x00000000c0000000, 0x00000000c6c80000, 0x00000000eab00000)
  object space 111104K, 93% used [0x00000000c0000000,0x00000000c65cd908,0x00000000c6c80000)
 Metaspace       used 80689K, capacity 84186K, committed 84480K, reserved 1124352K
  class space    used 7622K, capacity 8859K, committed 8960K, reserved 1048576K
}
Event: 29336.830 GC heap before
{Heap before GC invocations=828 (full 29):
 PSYoungGen      total 7680K, used 7373K [0x00000000eab00000, 0x00000000eb580000, 0x0000000100000000)
  eden space 7168K, 99% used [0x00000000eab00000,0x00000000eb1fadb8,0x00000000eb200000)
  from space 512K, 44% used [0x00000000eb500000,0x00000000eb538990,0x00000000eb580000)
  to   space 1024K, 0% used [0x00000000eb380000,0x00000000eb380000,0x00000000eb480000)
 ParOldGen       total 111104K, used 104246K [0x00000000c0000000, 0x00000000c6c80000, 0x00000000eab00000)
  object space 111104K, 93% used [0x00000000c0000000,0x00000000c65cd908,0x00000000c6c80000)
 Metaspace       used 80704K, capacity 84186K, committed 84480K, reserved 1124352K
  class space    used 7622K, capacity 8859K, committed 8960K, reserved 1048576K
}
Event: 29336.834 GC heap after
{Heap after GC invocations=828 (full 29):
 PSYoungGen      total 8192K, used 238K [0x00000000eab00000, 0x00000000eb580000, 0x0000000100000000)
  eden space 7168K, 0% used [0x00000000eab00000,0x00000000eab00000,0x00000000eb200000)
  from space 1024K, 23% used [0x00000000eb380000,0x00000000eb3bb928,0x00000000eb480000)
  to   space 512K, 0% used [0x00000000eb500000,0x00000000eb500000,0x00000000eb580000)
 ParOldGen       total 111104K, used 104448K [0x00000000c0000000, 0x00000000c6c80000, 0x00000000eab00000)
  object space 111104K, 94% used [0x00000000c0000000,0x00000000c6600298,0x00000000c6c80000)
 Metaspace       used 80704K, capacity 84186K, committed 84480K, reserved 1124352K
  class space    used 7622K, capacity 8859K, committed 8960K, reserved 1048576K
}
Event: 29336.871 GC heap before
{Heap before GC invocations=829 (full 29):
 PSYoungGen      total 8192K, used 7387K [0x00000000eab00000, 0x00000000eb580000, 0x0000000100000000)
  eden space 7168K, 99% used [0x00000000eab00000,0x00000000eb1fb468,0x00000000eb200000)
  from space 1024K, 23% used [0x00000000eb380000,0x00000000eb3bb928,0x00000000eb480000)
  to   space 512K, 0% used [0x00000000eb500000,0x00000000eb500000,0x00000000eb580000)
 ParOldGen       total 111104K, used 104448K [0x00000000c0000000, 0x00000000c6c80000, 0x00000000eab00000)
  object space 111104K, 94% used [0x00000000c0000000,0x00000000c6600298,0x00000000c6c80000)
 Metaspace       used 80716K, capacity 84186K, committed 84480K, reserved 1124352K
  class space    used 7622K, capacity 8859K, committed 8960K, reserved 1048576K
}
Event: 29336.873 GC heap after
{Heap after GC invocations=829 (full 29):
 PSYoungGen      total 7680K, used 96K [0x00000000eab00000, 0x00000000eb580000, 0x0000000100000000)
  eden space 7168K, 0% used [0x00000000eab00000,0x00000000eab00000,0x00000000eb200000)
  from space 512K, 18% used [0x00000000eb500000,0x00000000eb518000,0x00000000eb580000)
  to   space 512K, 0% used [0x00000000eb480000,0x00000000eb480000,0x00000000eb500000)
 ParOldGen       total 111104K, used 104599K [0x00000000c0000000, 0x00000000c6c80000, 0x00000000eab00000)
  object space 111104K, 94% used [0x00000000c0000000,0x00000000c6625f18,0x00000000c6c80000)
 Metaspace       used 80716K, capacity 84186K, committed 84480K, reserved 1124352K
  class space    used 7622K, capacity 8859K, committed 8960K, reserved 1048576K
}
Event: 29336.901 GC heap before
{Heap before GC invocations=830 (full 29):
 PSYoungGen      total 7680K, used 7264K [0x00000000eab00000, 0x00000000eb580000, 0x0000000100000000)
  eden space 7168K, 100% used [0x00000000eab00000,0x00000000eb200000,0x00000000eb200000)
  from space 512K, 18% used [0x00000000eb500000,0x00000000eb518000,0x00000000eb580000)
  to   space 512K, 0% used [0x00000000eb480000,0x00000000eb480000,0x00000000eb500000)
 ParOldGen       total 111104K, used 104599K [0x00000000c0000000, 0x00000000c6c80000, 0x00000000eab00000)
  object space 111104K, 94% used [0x00000000c0000000,0x00000000c6625f18,0x00000000c6c80000)
 Metaspace       used 80721K, capacity 84186K, committed 84480K, reserved 1124352K
  class space    used 7622K, capacity 8859K, committed 8960K, reserved 1048576K
}
Event: 29336.903 GC heap after
{Heap after GC invocations=830 (full 29):
 PSYoungGen      total 7680K, used 128K [0x00000000eab00000, 0x00000000eb580000, 0x0000000100000000)
  eden space 7168K, 0% used [0x00000000eab00000,0x00000000eab00000,0x00000000eb200000)
  from space 512K, 25% used [0x00000000eb480000,0x00000000eb4a0000,0x00000000eb500000)
  to   space 512K, 0% used [0x00000000eb500000,0x00000000eb500000,0x00000000eb580000)
 ParOldGen       total 111104K, used 104599K [0x00000000c0000000, 0x00000000c6c80000, 0x00000000eab00000)
  object space 111104K, 94% used [0x00000000c0000000,0x00000000c6625f18,0x00000000c6c80000)
 Metaspace       used 80721K, capacity 84186K, committed 84480K, reserved 1124352K
  class space    used 7622K, capacity 8859K, committed 8960K, reserved 1048576K
}
Event: 29339.819 GC heap before
{Heap before GC invocations=831 (full 29):
 PSYoungGen      total 7680K, used 7296K [0x00000000eab00000, 0x00000000eb580000, 0x0000000100000000)
  eden space 7168K, 100% used [0x00000000eab00000,0x00000000eb200000,0x00000000eb200000)
  from space 512K, 25% used [0x00000000eb480000,0x00000000eb4a0000,0x00000000eb500000)
  to   space 512K, 0% used [0x00000000eb500000,0x00000000eb500000,0x00000000eb580000)
 ParOldGen       total 111104K, used 104599K [0x00000000c0000000, 0x00000000c6c80000, 0x00000000eab00000)
  object space 111104K, 94% used [0x00000000c0000000,0x00000000c6625f18,0x00000000c6c80000)
 Metaspace       used 80735K, capacity 84186K, committed 84480K, reserved 1124352K
  class space    used 7622K, capacity 8859K, committed 8960K, reserved 1048576K
}
Event: 29339.821 GC heap after
{Heap after GC invocations=831 (full 29):
 PSYoungGen      total 7680K, used 298K [0x00000000eab00000, 0x00000000eb580000, 0x0000000100000000)
  eden space 7168K, 0% used [0x00000000eab00000,0x00000000eab00000,0x00000000eb200000)
  from space 512K, 58% used [0x00000000eb500000,0x00000000eb54a910,0x00000000eb580000)
  to   space 512K, 0% used [0x00000000eb480000,0x00000000eb480000,0x00000000eb500000)
 ParOldGen       total 111104K, used 104644K [0x00000000c0000000, 0x00000000c6c80000, 0x00000000eab00000)
  object space 111104K, 94% used [0x00000000c0000000,0x00000000c66311f8,0x00000000c6c80000)
 Metaspace       used 80735K, capacity 84186K, committed 84480K, reserved 1124352K
  class space    used 7622K, capacity 8859K, committed 8960K, reserved 1048576K
}
Event: 29339.871 GC heap before
{Heap before GC invocations=832 (full 29):
 PSYoungGen      total 7680K, used 7466K [0x00000000eab00000, 0x00000000eb580000, 0x0000000100000000)
  eden space 7168K, 100% used [0x00000000eab00000,0x00000000eb200000,0x00000000eb200000)
  from space 512K, 58% used [0x00000000eb500000,0x00000000eb54a910,0x00000000eb580000)
  to   space 512K, 0% used [0x00000000eb480000,0x00000000eb480000,0x00000000eb500000)
 ParOldGen       total 111104K, used 104644K [0x00000000c0000000, 0x00000000c6c80000, 0x00000000eab00000)
  object space 111104K, 94% used [0x00000000c0000000,0x00000000c66311f8,0x00000000c6c80000)
 Metaspace       used 80744K, capacity 84186K, committed 84480K, reserved 1124352K
  class space    used 7622K, capacity 8859K, committed 8960K, reserved 1048576K
}
Event: 29339.874 GC heap after
{Heap after GC invocations=832 (full 29):
 PSYoungGen      total 7680K, used 510K [0x00000000eab00000, 0x00000000eb580000, 0x0000000100000000)
  eden space 7168K, 0% used [0x00000000eab00000,0x00000000eab00000,0x00000000eb200000)
  from space 512K, 99% used [0x00000000eb480000,0x00000000eb4ffb10,0x00000000eb500000)
  to   space 512K, 0% used [0x00000000eb500000,0x00000000eb500000,0x00000000eb580000)
 ParOldGen       total 111104K, used 105061K [0x00000000c0000000, 0x00000000c6c80000, 0x00000000eab00000)
  object space 111104K, 94% used [0x00000000c0000000,0x00000000c66995d8,0x00000000c6c80000)
 Metaspace       used 80744K, capacity 84186K, committed 84480K, reserved 1124352K
  class space    used 7622K, capacity 8859K, committed 8960K, reserved 1048576K
}
Event: 29542.306 GC heap before
{Heap before GC invocations=833 (full 29):
 PSYoungGen      total 7680K, used 7678K [0x00000000eab00000, 0x00000000eb580000, 0x0000000100000000)
  eden space 7168K, 99% used [0x00000000eab00000,0x00000000eb1ffe60,0x00000000eb200000)
  from space 512K, 99% used [0x00000000eb480000,0x00000000eb4ffb10,0x00000000eb500000)
  to   space 512K, 0% used [0x00000000eb500000,0x00000000eb500000,0x00000000eb580000)
 ParOldGen       total 111104K, used 105061K [0x00000000c0000000, 0x00000000c6c80000, 0x00000000eab00000)
  object space 111104K, 94% used [0x00000000c0000000,0x00000000c66995d8,0x00000000c6c80000)
 Metaspace       used 80746K, capacity 84186K, committed 84480K, reserved 1124352K
  class space    used 7622K, capacity 8859K, committed 8960K, reserved 1048576K
}
Event: 29542.307 GC heap after
{Heap after GC invocations=833 (full 29):
 PSYoungGen      total 7680K, used 160K [0x00000000eab00000, 0x00000000eb580000, 0x0000000100000000)
  eden space 7168K, 0% used [0x00000000eab00000,0x00000000eab00000,0x00000000eb200000)
  from space 512K, 31% used [0x00000000eb500000,0x00000000eb528000,0x00000000eb580000)
  to   space 512K, 0% used [0x00000000eb480000,0x00000000eb480000,0x00000000eb500000)
 ParOldGen       total 111104K, used 105566K [0x00000000c0000000, 0x00000000c6c80000, 0x00000000eab00000)
  object space 111104K, 95% used [0x00000000c0000000,0x00000000c67179f8,0x00000000c6c80000)
 Metaspace       used 80746K, capacity 84186K, committed 84480K, reserved 1124352K
  class space    used 7622K, capacity 8859K, committed 8960K, reserved 1048576K
}
Event: 29586.701 GC heap before
{Heap before GC invocations=834 (full 29):
 PSYoungGen      total 7680K, used 7328K [0x00000000eab00000, 0x00000000eb580000, 0x0000000100000000)
  eden space 7168K, 100% used [0x00000000eab00000,0x00000000eb200000,0x00000000eb200000)
  from space 512K, 31% used [0x00000000eb500000,0x00000000eb528000,0x00000000eb580000)
  to   space 512K, 0% used [0x00000000eb480000,0x00000000eb480000,0x00000000eb500000)
 ParOldGen       total 111104K, used 105566K [0x00000000c0000000, 0x00000000c6c80000, 0x00000000eab00000)
  object space 111104K, 95% used [0x00000000c0000000,0x00000000c67179f8,0x00000000c6c80000)
 Metaspace       used 80747K, capacity 84186K, committed 84480K, reserved 1124352K
  class space    used 7622K, capacity 8859K, committed 8960K, reserved 1048576K
}
Event: 29586.705 GC heap after
{Heap after GC invocations=834 (full 29):
 PSYoungGen      total 7680K, used 503K [0x00000000eab00000, 0x00000000ebb00000, 0x0000000100000000)
  eden space 7168K, 0% used [0x00000000eab00000,0x00000000eab00000,0x00000000eb200000)
  from space 512K, 98% used [0x00000000eb480000,0x00000000eb4fddb8,0x00000000eb500000)
  to   space 4608K, 0% used [0x00000000eb680000,0x00000000eb680000,0x00000000ebb00000)
 ParOldGen       total 111104K, used 108715K [0x00000000c0000000, 0x00000000c6c80000, 0x00000000eab00000)
  object space 111104K, 97% used [0x00000000c0000000,0x00000000c6a2ac30,0x00000000c6c80000)
 Metaspace       used 80747K, capacity 84186K, committed 84480K, reserved 1124352K
  class space    used 7622K, capacity 8859K, committed 8960K, reserved 1048576K
}
Event: 29586.705 GC heap before
{Heap before GC invocations=835 (full 30):
 PSYoungGen      total 7680K, used 503K [0x00000000eab00000, 0x00000000ebb00000, 0x0000000100000000)
  eden space 7168K, 0% used [0x00000000eab00000,0x00000000eab00000,0x00000000eb200000)
  from space 512K, 98% used [0x00000000eb480000,0x00000000eb4fddb8,0x00000000eb500000)
  to   space 4608K, 0% used [0x00000000eb680000,0x00000000eb680000,0x00000000ebb00000)
 ParOldGen       total 111104K, used 108715K [0x00000000c0000000, 0x00000000c6c80000, 0x00000000eab00000)
  object space 111104K, 97% used [0x00000000c0000000,0x00000000c6a2ac30,0x00000000c6c80000)
 Metaspace       used 80747K, capacity 84186K, committed 84480K, reserved 1124352K
  class space    used 7622K, capacity 8859K, committed 8960K, reserved 1048576K
}

Deoptimization events (20 events):
Event: 29336.788 Thread 0x00007fa684b55000 DEOPT PACKING pc=0x00007fa6fdc7c458 sp=0x00007fa66f8faef0
Event: 29336.788 Thread 0x00007fa684b55000 DEOPT UNPACKING pc=0x00007fa6fbfe403a sp=0x00007fa66f8fa380 mode 0
Event: 29336.890 Thread 0x00007fa6849c2000 DEOPT PACKING pc=0x00007fa6fdc7c458 sp=0x00007fa66e6ecef0
Event: 29336.890 Thread 0x00007fa6849c2000 DEOPT UNPACKING pc=0x00007fa6fbfe403a sp=0x00007fa66e6ec380 mode 0
Event: 29336.890 Thread 0x00007fa6849c2000 DEOPT PACKING pc=0x00007fa6fdc7c458 sp=0x00007fa66e6ecef0
Event: 29336.890 Thread 0x00007fa6849c2000 DEOPT UNPACKING pc=0x00007fa6fbfe403a sp=0x00007fa66e6ec380 mode 0
Event: 29337.910 Thread 0x00007fa674785000 DEOPT PACKING pc=0x00007fa6fdbfd958 sp=0x00007fa66f7f9b60
Event: 29337.910 Thread 0x00007fa674785000 DEOPT UNPACKING pc=0x00007fa6fbfe403a sp=0x00007fa66f7f90b0 mode 0
Event: 29339.826 Thread 0x00007fa6d0003800 Uncommon trap: trap_request=0xffffffd6 fr.pc=0x00007fa70465bb1c relative=0x00000000000014fc
Event: 29339.826 Thread 0x00007fa6d0003800 Uncommon trap: reason=array_check action=maybe_recompile pc=0x00007fa70465bb1c method=java.util.TimSort.mergeHi(IIII)V @ 250 c2
Event: 29339.826 Thread 0x00007fa6d0003800 DEOPT PACKING pc=0x00007fa70465bb1c sp=0x00007fa6f12a7e70
Event: 29339.826 Thread 0x00007fa6d0003800 DEOPT UNPACKING pc=0x00007fa6fbfe4225 sp=0x00007fa6f12a7e38 mode 2
Event: 29339.826 Thread 0x00007fa6d0003800 Uncommon trap: trap_request=0xffffffd6 fr.pc=0x00007fa70465bbd4 relative=0x00000000000015b4
Event: 29339.826 Thread 0x00007fa6d0003800 Uncommon trap: reason=array_check action=maybe_recompile pc=0x00007fa70465bbd4 method=java.util.TimSort.mergeHi(IIII)V @ 282 c2
Event: 29339.826 Thread 0x00007fa6d0003800 DEOPT PACKING pc=0x00007fa70465bbd4 sp=0x00007fa6f12a7e70
Event: 29339.826 Thread 0x00007fa6d0003800 DEOPT UNPACKING pc=0x00007fa6fbfe4225 sp=0x00007fa6f12a7e38 mode 2
Event: 29339.838 Thread 0x00007fa6d0003800 Uncommon trap: trap_request=0xffffffd6 fr.pc=0x00007fa70465bbd4 relative=0x00000000000015b4
Event: 29339.838 Thread 0x00007fa6d0003800 Uncommon trap: reason=array_check action=maybe_recompile pc=0x00007fa70465bbd4 method=java.util.TimSort.mergeHi(IIII)V @ 282 c2
Event: 29339.838 Thread 0x00007fa6d0003800 DEOPT PACKING pc=0x00007fa70465bbd4 sp=0x00007fa6f12a7f40
Event: 29339.838 Thread 0x00007fa6d0003800 DEOPT UNPACKING pc=0x00007fa6fbfe4225 sp=0x00007fa6f12a7f08 mode 2

Classes redefined (0 events):
No events

Internal exceptions (20 events):
Event: 29336.797 Thread 0x00007fa684b55000 Exception <a 'java/lang/ClassNotFoundException'{0x00000000eaf05600}: sun/net/www/protocol/jdt/Handler> (0x00000000eaf05600) thrown at [./src/hotspot/share/classfile/systemDictionary.cpp, line 231]
Event: 29336.797 Thread 0x00007fa684b55000 Exception <a 'java/lang/ClassNotFoundException'{0x00000000eaf076c8}: sun/net/www/protocol/jdt/Handler> (0x00000000eaf076c8) thrown at [./src/hotspot/share/classfile/systemDictionary.cpp, line 231]
Event: 29336.797 Thread 0x00007fa684b55000 Exception <a 'java/lang/ClassNotFoundException'{0x00000000eaf09758}: sun/net/www/protocol/jdt/Handler> (0x00000000eaf09758) thrown at [./src/hotspot/share/classfile/systemDictionary.cpp, line 231]
Event: 29336.797 Thread 0x00007fa684b55000 Exception <a 'java/lang/ClassNotFoundException'{0x00000000eaf0ba68}: sun/net/www/protocol/jdt/Handler> (0x00000000eaf0ba68) thrown at [./src/hotspot/share/classfile/systemDictionary.cpp, line 231]
Event: 29336.798 Thread 0x00007fa684b55000 Exception <a 'java/lang/ClassNotFoundException'{0x00000000eaf0db80}: sun/net/www/protocol/jdt/Handler> (0x00000000eaf0db80) thrown at [./src/hotspot/share/classfile/systemDictionary.cpp, line 231]
Event: 29336.798 Thread 0x00007fa684b55000 Exception <a 'java/lang/ClassNotFoundException'{0x00000000eaf0fc50}: sun/net/www/protocol/jdt/Handler> (0x00000000eaf0fc50) thrown at [./src/hotspot/share/classfile/systemDictionary.cpp, line 231]
Event: 29336.891 Thread 0x00007fa6849c2000 Exception <a 'java/lang/ClassNotFoundException'{0x00000000eb1c13b0}: sun/net/www/protocol/jdt/Handler> (0x00000000eb1c13b0) thrown at [./src/hotspot/share/classfile/systemDictionary.cpp, line 231]
Event: 29336.891 Thread 0x00007fa6849c2000 Exception <a 'java/lang/ClassNotFoundException'{0x00000000eb1c32d8}: sun/net/www/protocol/jdt/Handler> (0x00000000eb1c32d8) thrown at [./src/hotspot/share/classfile/systemDictionary.cpp, line 231]
Event: 29336.891 Thread 0x00007fa6849c2000 Exception <a 'java/lang/ClassNotFoundException'{0x00000000eb1cb4b8}: sun/net/www/protocol/jdt/Handler> (0x00000000eb1cb4b8) thrown at [./src/hotspot/share/classfile/systemDictionary.cpp, line 231]
Event: 29336.891 Thread 0x00007fa6849c2000 Exception <a 'java/lang/ClassNotFoundException'{0x00000000eb1cd568}: sun/net/www/protocol/jdt/Handler> (0x00000000eb1cd568) thrown at [./src/hotspot/share/classfile/systemDictionary.cpp, line 231]
Event: 29336.891 Thread 0x00007fa6849c2000 Exception <a 'java/lang/ClassNotFoundException'{0x00000000eb1cf830}: sun/net/www/protocol/jdt/Handler> (0x00000000eb1cf830) thrown at [./src/hotspot/share/classfile/systemDictionary.cpp, line 231]
Event: 29336.892 Thread 0x00007fa6849c2000 Exception <a 'java/lang/ClassNotFoundException'{0x00000000eb1d1908}: sun/net/www/protocol/jdt/Handler> (0x00000000eb1d1908) thrown at [./src/hotspot/share/classfile/systemDictionary.cpp, line 231]
Event: 29336.892 Thread 0x00007fa6849c2000 Exception <a 'java/lang/ClassNotFoundException'{0x00000000eb1d39b8}: sun/net/www/protocol/jdt/Handler> (0x00000000eb1d39b8) thrown at [./src/hotspot/share/classfile/systemDictionary.cpp, line 231]
Event: 29336.892 Thread 0x00007fa6849c2000 Exception <a 'java/lang/ClassNotFoundException'{0x00000000eb1d5a80}: sun/net/www/protocol/jdt/Handler> (0x00000000eb1d5a80) thrown at [./src/hotspot/share/classfile/systemDictionary.cpp, line 231]
Event: 29336.892 Thread 0x00007fa6849c2000 Exception <a 'java/lang/ClassNotFoundException'{0x00000000eb1d7b10}: sun/net/www/protocol/jdt/Handler> (0x00000000eb1d7b10) thrown at [./src/hotspot/share/classfile/systemDictionary.cpp, line 231]
Event: 29336.892 Thread 0x00007fa6849c2000 Exception <a 'java/lang/ClassNotFoundException'{0x00000000eb1d9be0}: sun/net/www/protocol/jdt/Handler> (0x00000000eb1d9be0) thrown at [./src/hotspot/share/classfile/systemDictionary.cpp, line 231]
Event: 29336.895 Thread 0x00007fa6849c2000 Exception <a 'java/lang/ClassNotFoundException'{0x00000000eb1dbcf8}: sun/net/www/protocol/jdt/Handler> (0x00000000eb1dbcf8) thrown at [./src/hotspot/share/classfile/systemDictionary.cpp, line 231]
Event: 29336.896 Thread 0x00007fa6849c2000 Exception <a 'java/lang/ClassNotFoundException'{0x00000000eb1dddc8}: sun/net/www/protocol/jdt/Handler> (0x00000000eb1dddc8) thrown at [./src/hotspot/share/classfile/systemDictionary.cpp, line 231]
Event: 29337.914 Thread 0x00007fa674785000 Exception <a 'java/lang/ClassNotFoundException'{0x00000000eaec8db8}: sun/net/www/protocol/jdt/Handler> (0x00000000eaec8db8) thrown at [./src/hotspot/share/classfile/systemDictionary.cpp, line 231]
Event: 29337.914 Thread 0x00007fa674785000 Exception <a 'java/lang/ClassNotFoundException'{0x00000000eaecb668}: sun/net/www/protocol/jdt/Handler> (0x00000000eaecb668) thrown at [./src/hotspot/share/classfile/systemDictionary.cpp, line 231]

Events (20 events):
Event: 29562.310 Executing VM operation: RevokeBias done
Event: 29562.310 Executing VM operation: RevokeBias
Event: 29562.310 Executing VM operation: RevokeBias done
Event: 29562.310 Executing VM operation: RevokeBias
Event: 29562.310 Executing VM operation: RevokeBias done
Event: 29572.313 Executing VM operation: RevokeBias
Event: 29572.313 Executing VM operation: RevokeBias done
Event: 29572.313 Executing VM operation: RevokeBias
Event: 29572.313 Executing VM operation: RevokeBias done
Event: 29572.313 Executing VM operation: RevokeBias
Event: 29572.313 Executing VM operation: RevokeBias done
Event: 29582.314 Executing VM operation: RevokeBias
Event: 29582.314 Executing VM operation: RevokeBias done
Event: 29582.314 Executing VM operation: RevokeBias
Event: 29582.314 Executing VM operation: RevokeBias done
Event: 29582.314 Executing VM operation: RevokeBias
Event: 29582.314 Executing VM operation: RevokeBias done
Event: 29584.829 Executing VM operation: RevokeBias
Event: 29584.830 Executing VM operation: RevokeBias done
Event: 29586.701 Executing VM operation: ParallelGCFailedAllocation


Dynamic libraries:
c0000000-c6c80000 rw-p 00000000 00:00 0 
c6c80000-eab00000 ---p 00000000 00:00 0 
eab00000-ebb00000 rw-p 00000000 00:00 0 
ebb00000-100000000 ---p 00000000 00:00 0 
100000000-1008c0000 rw-p 00000000 00:00 0 
1008c0000-140000000 ---p 00000000 00:00 0 
56375f000000-56375f001000 r-xp 00000000 00:21 44542                      /home/rauldelary/.sdkman/candidates/java/11.0.10.hs-adpt/bin/java
56375f201000-56375f202000 r--p 00001000 00:21 44542                      /home/rauldelary/.sdkman/candidates/java/11.0.10.hs-adpt/bin/java
56375f202000-56375f203000 rw-p 00002000 00:21 44542                      /home/rauldelary/.sdkman/candidates/java/11.0.10.hs-adpt/bin/java
563760b8f000-563760e44000 rw-p 00000000 00:00 0                          [heap]
7fa650000000-7fa650466000 rw-p 00000000 00:00 0 
7fa650466000-7fa654000000 ---p 00000000 00:00 0 
7fa657124000-7fa65f892000 r--s 00000000 00:21 44603                      /home/rauldelary/.sdkman/candidates/java/11.0.10.hs-adpt/lib/modules
7fa65f892000-7fa668000000 r--s 00000000 00:21 44603                      /home/rauldelary/.sdkman/candidates/java/11.0.10.hs-adpt/lib/modules
7fa668000000-7fa66882f000 rw-p 00000000 00:00 0 
7fa66882f000-7fa66c000000 ---p 00000000 00:00 0 
7fa66e5ee000-7fa66e5f2000 ---p 00000000 00:00 0 
7fa66e5f2000-7fa66e6ef000 rw-p 00000000 00:00 0 
7fa66e6ef000-7fa66e6f3000 ---p 00000000 00:00 0 
7fa66e6f3000-7fa66e9b0000 rw-p 00000000 00:00 0 
7fa66e9b0000-7fa66e9f4000 ---p 00000000 00:00 0 
7fa66e9f4000-7fa66ecf1000 rw-p 00000000 00:00 0 
7fa66ecf1000-7fa66ecf5000 ---p 00000000 00:00 0 
7fa66ecf5000-7fa66edf2000 rw-p 00000000 00:00 0 
7fa66edf2000-7fa66edf6000 ---p 00000000 00:00 0 
7fa66edf6000-7fa66eef3000 rw-p 00000000 00:00 0 
7fa66eef3000-7fa66eef7000 ---p 00000000 00:00 0 
7fa66eef7000-7fa66eff4000 rw-p 00000000 00:00 0 
7fa66eff4000-7fa66eff8000 ---p 00000000 00:00 0 
7fa66eff8000-7fa66f0f5000 rw-p 00000000 00:00 0 
7fa66f0f5000-7fa66f0f9000 ---p 00000000 00:00 0 
7fa66f0f9000-7fa66f1f6000 rw-p 00000000 00:00 0 
7fa66f1f6000-7fa66f1fa000 ---p 00000000 00:00 0 
7fa66f1fa000-7fa66f2f7000 rw-p 00000000 00:00 0 
7fa66f2f7000-7fa66f2fb000 ---p 00000000 00:00 0 
7fa66f2fb000-7fa66f3f8000 rw-p 00000000 00:00 0 
7fa66f3f8000-7fa66f3fc000 ---p 00000000 00:00 0 
7fa66f3fc000-7fa66f4f9000 rw-p 00000000 00:00 0 
7fa66f4f9000-7fa66f4fd000 ---p 00000000 00:00 0 
7fa66f4fd000-7fa66f5fa000 rw-p 00000000 00:00 0 
7fa66f5fa000-7fa66f5fe000 ---p 00000000 00:00 0 
7fa66f5fe000-7fa66f6fb000 rw-p 00000000 00:00 0 
7fa66f6fb000-7fa66f6ff000 ---p 00000000 00:00 0 
7fa66f6ff000-7fa66f7fc000 rw-p 00000000 00:00 0 
7fa66f7fc000-7fa66f800000 ---p 00000000 00:00 0 
7fa66f800000-7fa66f8fd000 rw-p 00000000 00:00 0 
7fa66f8fd000-7fa66f901000 ---p 00000000 00:00 0 
7fa66f901000-7fa66f9fe000 rw-p 00000000 00:00 0 
7fa66f9fe000-7fa66fa02000 ---p 00000000 00:00 0 
7fa66fa02000-7fa66faff000 rw-p 00000000 00:00 0 
7fa66faff000-7fa66fb03000 ---p 00000000 00:00 0 
7fa66fb03000-7fa66fe00000 rw-p 00000000 00:00 0 
7fa66fe00000-7fa670000000 rw-p 00000000 00:00 0 
7fa670000000-7fa6701bb000 rw-p 00000000 00:00 0 
7fa6701bb000-7fa674000000 ---p 00000000 00:00 0 
7fa674000000-7fa677ffb000 rw-p 00000000 00:00 0 
7fa677ffb000-7fa678000000 ---p 00000000 00:00 0 
7fa678000000-7fa67b6f4000 rw-p 00000000 00:00 0 
7fa67b6f4000-7fa67c000000 ---p 00000000 00:00 0 
7fa67c000000-7fa67ca46000 rw-p 00000000 00:00 0 
7fa67ca46000-7fa680000000 ---p 00000000 00:00 0 
7fa680000000-7fa6804dc000 rw-p 00000000 00:00 0 
7fa6804dc000-7fa684000000 ---p 00000000 00:00 0 
7fa684000000-7fa685528000 rw-p 00000000 00:00 0 
7fa685528000-7fa688000000 ---p 00000000 00:00 0 
7fa688000000-7fa6888e8000 rw-p 00000000 00:00 0 
7fa6888e8000-7fa68c000000 ---p 00000000 00:00 0 
7fa68c000000-7fa68c4ab000 rw-p 00000000 00:00 0 
7fa68c4ab000-7fa690000000 ---p 00000000 00:00 0 
7fa690000000-7fa690347000 rw-p 00000000 00:00 0 
7fa690347000-7fa694000000 ---p 00000000 00:00 0 
7fa694000000-7fa6956cb000 rw-p 00000000 00:00 0 
7fa6956cb000-7fa698000000 ---p 00000000 00:00 0 
7fa698000000-7fa69858d000 rw-p 00000000 00:00 0 
7fa69858d000-7fa69c000000 ---p 00000000 00:00 0 
7fa69c000000-7fa69d018000 rw-p 00000000 00:00 0 
7fa69d018000-7fa6a0000000 ---p 00000000 00:00 0 
7fa6a0000000-7fa6a175a000 rw-p 00000000 00:00 0 
7fa6a175a000-7fa6a4000000 ---p 00000000 00:00 0 
7fa6a4000000-7fa6a427e000 rw-p 00000000 00:00 0 
7fa6a427e000-7fa6a8000000 ---p 00000000 00:00 0 
7fa6a8000000-7fa6a90d1000 rw-p 00000000 00:00 0 
7fa6a90d1000-7fa6ac000000 ---p 00000000 00:00 0 
7fa6ac000000-7fa6ac3f4000 rw-p 00000000 00:00 0 
7fa6ac3f4000-7fa6b0000000 ---p 00000000 00:00 0 
7fa6b0000000-7fa6b009e000 rw-p 00000000 00:00 0 
7fa6b009e000-7fa6b4000000 ---p 00000000 00:00 0 
7fa6b4000000-7fa6b44ed000 rw-p 00000000 00:00 0 
7fa6b44ed000-7fa6b8000000 ---p 00000000 00:00 0 
7fa6b8000000-7fa6b88d6000 rw-p 00000000 00:00 0 
7fa6b88d6000-7fa6bc000000 ---p 00000000 00:00 0 
7fa6bc000000-7fa6bc0d5000 rw-p 00000000 00:00 0 
7fa6bc0d5000-7fa6c0000000 ---p 00000000 00:00 0 
7fa6c0000000-7fa6c183c000 rw-p 00000000 00:00 0 
7fa6c183c000-7fa6c4000000 ---p 00000000 00:00 0 
7fa6c4000000-7fa6c42b5000 rw-p 00000000 00:00 0 
7fa6c42b5000-7fa6c8000000 ---p 00000000 00:00 0 
7fa6c8000000-7fa6c8021000 rw-p 00000000 00:00 0 
7fa6c8021000-7fa6cc000000 ---p 00000000 00:00 0 
7fa6cc000000-7fa6ced54000 rw-p 00000000 00:00 0 
7fa6ced54000-7fa6d0000000 ---p 00000000 00:00 0 
7fa6d0000000-7fa6d006c000 rw-p 00000000 00:00 0 
7fa6d006c000-7fa6d4000000 ---p 00000000 00:00 0 
7fa6d407e000-7fa6d4082000 ---p 00000000 00:00 0 
7fa6d4082000-7fa6d437f000 rw-p 00000000 00:00 0 
7fa6d437f000-7fa6d4383000 ---p 00000000 00:00 0 
7fa6d4383000-7fa6d4480000 rw-p 00000000 00:00 0 
7fa6d4480000-7fa6d4484000 ---p 00000000 00:00 0 
7fa6d4484000-7fa6d4581000 rw-p 00000000 00:00 0 
7fa6d4581000-7fa6d4585000 ---p 00000000 00:00 0 
7fa6d4585000-7fa6d4882000 rw-p 00000000 00:00 0 
7fa6d4882000-7fa6d4a82000 rw-p 00000000 00:00 0 
7fa6d4a82000-7fa6d4c82000 rw-p 00000000 00:00 0 
7fa6d4c82000-7fa6d4e82000 rw-p 00000000 00:00 0 
7fa6d4e82000-7fa6d5082000 rw-p 00000000 00:00 0 
7fa6d5082000-7fa6d5282000 rw-p 00000000 00:00 0 
7fa6d5282000-7fa6d5482000 rw-p 00000000 00:00 0 
7fa6d5482000-7fa6d5682000 rw-p 00000000 00:00 0 
7fa6d5682000-7fa6d5686000 ---p 00000000 00:00 0 
7fa6d5686000-7fa6d5783000 rw-p 00000000 00:00 0 
7fa6d5783000-7fa6d5787000 ---p 00000000 00:00 0 
7fa6d5787000-7fa6d5884000 rw-p 00000000 00:00 0 
7fa6d5884000-7fa6d5888000 ---p 00000000 00:00 0 
7fa6d5888000-7fa6d5b85000 rw-p 00000000 00:00 0 
7fa6d5b85000-7fa6d5b89000 ---p 00000000 00:00 0 
7fa6d5b89000-7fa6d5e86000 rw-p 00000000 00:00 0 
7fa6d5e86000-7fa6d6086000 rw-p 00000000 00:00 0 
7fa6d6086000-7fa6d6088000 r-xp 00000000 00:21 44606                      /home/rauldelary/.sdkman/candidates/java/11.0.10.hs-adpt/lib/libextnet.so
7fa6d6088000-7fa6d6287000 ---p 00002000 00:21 44606                      /home/rauldelary/.sdkman/candidates/java/11.0.10.hs-adpt/lib/libextnet.so
7fa6d6287000-7fa6d6288000 r--p 00001000 00:21 44606                      /home/rauldelary/.sdkman/candidates/java/11.0.10.hs-adpt/lib/libextnet.so
7fa6d6288000-7fa6d6289000 rw-p 00002000 00:21 44606                      /home/rauldelary/.sdkman/candidates/java/11.0.10.hs-adpt/lib/libextnet.so
7fa6d6289000-7fa6d6489000 rw-p 00000000 00:00 0 
7fa6d6489000-7fa6d64c9000 r-xp 00000000 00:21 44654                      /home/rauldelary/.sdkman/candidates/java/11.0.10.hs-adpt/lib/libsunec.so
7fa6d64c9000-7fa6d66c9000 ---p 00040000 00:21 44654                      /home/rauldelary/.sdkman/candidates/java/11.0.10.hs-adpt/lib/libsunec.so
7fa6d66c9000-7fa6d66ce000 r--p 00040000 00:21 44654                      /home/rauldelary/.sdkman/candidates/java/11.0.10.hs-adpt/lib/libsunec.so
7fa6d66ce000-7fa6d66d0000 rw-p 00045000 00:21 44654                      /home/rauldelary/.sdkman/candidates/java/11.0.10.hs-adpt/lib/libsunec.so
7fa6d66d0000-7fa6d68d0000 rw-p 00000000 00:00 0 
7fa6d68d0000-7fa6d6ad0000 rw-p 00000000 00:00 0 
7fa6d6ad0000-7fa6e4000000 r--p 00000000 00:21 172917                     /usr/lib/locale/locale-archive
7fa6e4000000-7fa6e4420000 rw-p 00000000 00:00 0 
7fa6e4420000-7fa6e8000000 ---p 00000000 00:00 0 
7fa6e8000000-7fa6e8021000 rw-p 00000000 00:00 0 
7fa6e8021000-7fa6ec000000 ---p 00000000 00:00 0 
7fa6ec000000-7fa6ed4f6000 rw-p 00000000 00:00 0 
7fa6ed4f6000-7fa6f0000000 ---p 00000000 00:00 0 
7fa6f0056000-7fa6f005c000 r--p 00000000 00:21 204581                     /usr/lib64/libnss_resolve.so.2
7fa6f005c000-7fa6f008e000 r-xp 00006000 00:21 204581                     /usr/lib64/libnss_resolve.so.2
7fa6f008e000-7fa6f009f000 r--p 00038000 00:21 204581                     /usr/lib64/libnss_resolve.so.2
7fa6f009f000-7fa6f00a0000 ---p 00049000 00:21 204581                     /usr/lib64/libnss_resolve.so.2
7fa6f00a0000-7fa6f00a3000 r--p 00049000 00:21 204581                     /usr/lib64/libnss_resolve.so.2
7fa6f00a3000-7fa6f00a4000 rw-p 0004c000 00:21 204581                     /usr/lib64/libnss_resolve.so.2
7fa6f00a4000-7fa6f02a5000 rw-p 00000000 00:00 0 
7fa6f02a5000-7fa6f04a5000 rw-p 00000000 00:00 0 
7fa6f04a5000-7fa6f04a9000 ---p 00000000 00:00 0 
7fa6f04a9000-7fa6f05a6000 rw-p 00000000 00:00 0 
7fa6f05a6000-7fa6f05aa000 ---p 00000000 00:00 0 
7fa6f05aa000-7fa6f08a7000 rw-p 00000000 00:00 0 
7fa6f08a7000-7fa6f08ab000 ---p 00000000 00:00 0 
7fa6f08ab000-7fa6f09a8000 rw-p 00000000 00:00 0 
7fa6f09a8000-7fa6f09ac000 ---p 00000000 00:00 0 
7fa6f09ac000-7fa6f0ca9000 rw-p 00000000 00:00 0 
7fa6f0ca9000-7fa6f0cad000 ---p 00000000 00:00 0 
7fa6f0cad000-7fa6f0faa000 rw-p 00000000 00:00 0 
7fa6f0faa000-7fa6f11aa000 rw-p 00000000 00:00 0 
7fa6f11aa000-7fa6f11ae000 ---p 00000000 00:00 0 
7fa6f11ae000-7fa6f12ab000 rw-p 00000000 00:00 0 
7fa6f12ab000-7fa6f12af000 ---p 00000000 00:00 0 
7fa6f12af000-7fa6f15ac000 rw-p 00000000 00:00 0 
7fa6f15ac000-7fa6f15b0000 ---p 00000000 00:00 0 
7fa6f15b0000-7fa6f18ad000 rw-p 00000000 00:00 0 
7fa6f18ad000-7fa6f18b1000 ---p 00000000 00:00 0 
7fa6f18b1000-7fa6f19ae000 rw-p 00000000 00:00 0 
7fa6f19ae000-7fa6f19b2000 ---p 00000000 00:00 0 
7fa6f19b2000-7fa6f1caf000 rw-p 00000000 00:00 0 
7fa6f1caf000-7fa6f1cb3000 ---p 00000000 00:00 0 
7fa6f1cb3000-7fa6f1fb0000 rw-p 00000000 00:00 0 
7fa6f1fb0000-7fa6f21b0000 rw-p 00000000 00:00 0 
7fa6f21b0000-7fa6f23b0000 rw-p 00000000 00:00 0 
7fa6f23b0000-7fa6f23b4000 ---p 00000000 00:00 0 
7fa6f23b4000-7fa6f24b1000 rw-p 00000000 00:00 0 
7fa6f24b1000-7fa6f24b2000 ---p 00000000 00:00 0 
7fa6f24b2000-7fa6f25b3000 rw-p 00000000 00:00 0 
7fa6f25b3000-7fa6f25b4000 ---p 00000000 00:00 0 
7fa6f25b4000-7fa6f26b5000 rw-p 00000000 00:00 0 
7fa6f26b5000-7fa6f26b6000 ---p 00000000 00:00 0 
7fa6f26b6000-7fa6f27b7000 rw-p 00000000 00:00 0 
7fa6f27b7000-7fa6f27c7000 r-xp 00000000 00:21 45429                      /home/rauldelary/.config/Code/User/globalStorage/redhat.java/0.75.0/config_linux/org.eclipse.equinox.launcher/org.eclipse.equinox.launcher.gtk.linux.x86_64_1.2.0.v20200915-1442/eclipse_11201.so
7fa6f27c7000-7fa6f29c6000 ---p 00010000 00:21 45429                      /home/rauldelary/.config/Code/User/globalStorage/redhat.java/0.75.0/config_linux/org.eclipse.equinox.launcher/org.eclipse.equinox.launcher.gtk.linux.x86_64_1.2.0.v20200915-1442/eclipse_11201.so
7fa6f29c6000-7fa6f29c7000 r--p 0000f000 00:21 45429                      /home/rauldelary/.config/Code/User/globalStorage/redhat.java/0.75.0/config_linux/org.eclipse.equinox.launcher/org.eclipse.equinox.launcher.gtk.linux.x86_64_1.2.0.v20200915-1442/eclipse_11201.so
7fa6f29c7000-7fa6f29c8000 rw-p 00010000 00:21 45429                      /home/rauldelary/.config/Code/User/globalStorage/redhat.java/0.75.0/config_linux/org.eclipse.equinox.launcher/org.eclipse.equinox.launcher.gtk.linux.x86_64_1.2.0.v20200915-1442/eclipse_11201.so
7fa6f29c8000-7fa6f29cc000 ---p 00000000 00:00 0 
7fa6f29cc000-7fa6f2ac9000 rw-p 00000000 00:00 0 
7fa6f2ac9000-7fa6f2acd000 ---p 00000000 00:00 0 
7fa6f2acd000-7fa6f2bca000 rw-p 00000000 00:00 0 
7fa6f2bca000-7fa6f2bce000 ---p 00000000 00:00 0 
7fa6f2bce000-7fa6f2ecb000 rw-p 00000000 00:00 0 
7fa6f2ecb000-7fa6f30cb000 rw-p 00000000 00:00 0 
7fa6f30cb000-7fa6f30e1000 r-xp 00000000 00:21 44605                      /home/rauldelary/.sdkman/candidates/java/11.0.10.hs-adpt/lib/libnet.so
7fa6f30e1000-7fa6f32e0000 ---p 00016000 00:21 44605                      /home/rauldelary/.sdkman/candidates/java/11.0.10.hs-adpt/lib/libnet.so
7fa6f32e0000-7fa6f32e1000 r--p 00015000 00:21 44605                      /home/rauldelary/.sdkman/candidates/java/11.0.10.hs-adpt/lib/libnet.so
7fa6f32e1000-7fa6f32e2000 rw-p 00016000 00:21 44605                      /home/rauldelary/.sdkman/candidates/java/11.0.10.hs-adpt/lib/libnet.so
7fa6f32e2000-7fa6f32f1000 r-xp 00000000 00:21 44630                      /home/rauldelary/.sdkman/candidates/java/11.0.10.hs-adpt/lib/libnio.so
7fa6f32f1000-7fa6f34f1000 ---p 0000f000 00:21 44630                      /home/rauldelary/.sdkman/candidates/java/11.0.10.hs-adpt/lib/libnio.so
7fa6f34f1000-7fa6f34f2000 r--p 0000f000 00:21 44630                      /home/rauldelary/.sdkman/candidates/java/11.0.10.hs-adpt/lib/libnio.so
7fa6f34f2000-7fa6f34f3000 rw-p 00010000 00:21 44630                      /home/rauldelary/.sdkman/candidates/java/11.0.10.hs-adpt/lib/libnio.so
7fa6f34f3000-7fa6f34f4000 ---p 00000000 00:00 0 
7fa6f34f4000-7fa6f35f5000 rw-p 00000000 00:00 0 
7fa6f35f5000-7fa6f35f9000 ---p 00000000 00:00 0 
7fa6f35f9000-7fa6f36f6000 rw-p 00000000 00:00 0 
7fa6f36f6000-7fa6f36fa000 ---p 00000000 00:00 0 
7fa6f36fa000-7fa6f37f7000 rw-p 00000000 00:00 0 
7fa6f37f7000-7fa6f37fb000 ---p 00000000 00:00 0 
7fa6f37fb000-7fa6f38f8000 rw-p 00000000 00:00 0 
7fa6f38f8000-7fa6f38fc000 ---p 00000000 00:00 0 
7fa6f38fc000-7fa6f39f9000 rw-p 00000000 00:00 0 
7fa6f39f9000-7fa6f39fd000 ---p 00000000 00:00 0 
7fa6f39fd000-7fa6f3afa000 rw-p 00000000 00:00 0 
7fa6f3afa000-7fa6f3afe000 ---p 00000000 00:00 0 
7fa6f3afe000-7fa6f3bfb000 rw-p 00000000 00:00 0 
7fa6f3bfb000-7fa6f3bff000 ---p 00000000 00:00 0 
7fa6f3bff000-7fa6f3cfc000 rw-p 00000000 00:00 0 
7fa6f3cfc000-7fa6f3d00000 ---p 00000000 00:00 0 
7fa6f3d00000-7fa6f3dfd000 rw-p 00000000 00:00 0 
7fa6f3dfd000-7fa6f3e01000 ---p 00000000 00:00 0 
7fa6f3e01000-7fa6f3efe000 rw-p 00000000 00:00 0 
7fa6f3efe000-7fa6f3eff000 ---p 00000000 00:00 0 
7fa6f3eff000-7fa6f4000000 rw-p 00000000 00:00 0 
7fa6f4000000-7fa6f43dd000 rw-p 00000000 00:00 0 
7fa6f43dd000-7fa6f8000000 ---p 00000000 00:00 0 
7fa6f802c000-7fa6f802f000 r--p 00000000 00:21 171082                     /usr/lib64/libgcc_s-10-20201125.so.1
7fa6f802f000-7fa6f8041000 r-xp 00003000 00:21 171082                     /usr/lib64/libgcc_s-10-20201125.so.1
7fa6f8041000-7fa6f8045000 r--p 00015000 00:21 171082                     /usr/lib64/libgcc_s-10-20201125.so.1
7fa6f8045000-7fa6f8046000 r--p 00018000 00:21 171082                     /usr/lib64/libgcc_s-10-20201125.so.1
7fa6f8046000-7fa6f8047000 rw-p 00019000 00:21 171082                     /usr/lib64/libgcc_s-10-20201125.so.1
7fa6f8047000-7fa6f804b000 r--p 00000000 00:21 173198                     /usr/lib64/libresolv-2.32.so
7fa6f804b000-7fa6f8059000 r-xp 00004000 00:21 173198                     /usr/lib64/libresolv-2.32.so
7fa6f8059000-7fa6f805c000 r--p 00012000 00:21 173198                     /usr/lib64/libresolv-2.32.so
7fa6f805c000-7fa6f805d000 ---p 00015000 00:21 173198                     /usr/lib64/libresolv-2.32.so
7fa6f805d000-7fa6f805e000 r--p 00015000 00:21 173198                     /usr/lib64/libresolv-2.32.so
7fa6f805e000-7fa6f805f000 rw-p 00016000 00:21 173198                     /usr/lib64/libresolv-2.32.so
7fa6f805f000-7fa6f8061000 rw-p 00000000 00:00 0 
7fa6f8061000-7fa6f8064000 r--p 00000000 00:21 173194                     /usr/lib64/libnss_files-2.32.so
7fa6f8064000-7fa6f806b000 r-xp 00003000 00:21 173194                     /usr/lib64/libnss_files-2.32.so
7fa6f806b000-7fa6f806d000 r--p 0000a000 00:21 173194                     /usr/lib64/libnss_files-2.32.so
7fa6f806d000-7fa6f806e000 r--p 0000b000 00:21 173194                     /usr/lib64/libnss_files-2.32.so
7fa6f806e000-7fa6f8075000 rw-p 00000000 00:00 0 
7fa6f808f000-7fa6fba7a000 rw-p 00000000 00:00 0 
7fa6fba7a000-7fa6fba7b000 ---p 00000000 00:00 0 
7fa6fba7b000-7fa6fbbb3000 rw-p 00000000 00:00 0 
7fa6fbbb3000-7fa6fbcd2000 ---p 00000000 00:00 0 
7fa6fbcd2000-7fa6fbd09000 rw-p 00000000 00:00 0 
7fa6fbd09000-7fa6fbe27000 ---p 00000000 00:00 0 
7fa6fbe27000-7fa6fbe30000 rw-p 00000000 00:00 0 
7fa6fbe30000-7fa6fbed2000 ---p 00000000 00:00 0 
7fa6fbed2000-7fa6fbeeb000 rw-p 00000000 00:00 0 
7fa6fbeeb000-7fa6fbfbe000 ---p 00000000 00:00 0 
7fa6fbfbe000-7fa6fc22e000 rwxp 00000000 00:00 0 
7fa6fc22e000-7fa6fc54e000 ---p 00000000 00:00 0 
7fa6fc54e000-7fa6feb4e000 rwxp 00000000 00:00 0 
7fa6feb4e000-7fa703a86000 ---p 00000000 00:00 0 
7fa703a86000-7fa704686000 rwxp 00000000 00:00 0 
7fa704686000-7fa70afbe000 ---p 00000000 00:00 0 
7fa70afbe000-7fa71372c000 r--s 00000000 00:21 44603                      /home/rauldelary/.sdkman/candidates/java/11.0.10.hs-adpt/lib/modules
7fa71372c000-7fa714000000 r--s 00000000 00:21 430258                     /var/lib/sss/mc/passwd
7fa714000000-7fa714573000 rw-p 00000000 00:00 0 
7fa714573000-7fa718000000 ---p 00000000 00:00 0 
7fa718003000-7fa718004000 r--p 00000000 00:21 31232                      /usr/lib64/libnss_mdns4_minimal.so.2
7fa718004000-7fa718006000 r-xp 00001000 00:21 31232                      /usr/lib64/libnss_mdns4_minimal.so.2
7fa718006000-7fa718007000 r--p 00003000 00:21 31232                      /usr/lib64/libnss_mdns4_minimal.so.2
7fa718007000-7fa718008000 r--p 00003000 00:21 31232                      /usr/lib64/libnss_mdns4_minimal.so.2
7fa718008000-7fa718009000 rw-p 00000000 00:00 0 
7fa718009000-7fa71800d000 ---p 00000000 00:00 0 
7fa71800d000-7fa71808b000 rw-p 00000000 00:00 0 
7fa71808b000-7fa71812a000 ---p 00000000 00:00 0 
7fa71812a000-7fa71812f000 rw-p 00000000 00:00 0 
7fa71812f000-7fa718136000 ---p 00000000 00:00 0 
7fa718136000-7fa71813d000 r-xp 00000000 00:21 44629                      /home/rauldelary/.sdkman/candidates/java/11.0.10.hs-adpt/lib/libzip.so
7fa71813d000-7fa71833c000 ---p 00007000 00:21 44629                      /home/rauldelary/.sdkman/candidates/java/11.0.10.hs-adpt/lib/libzip.so
7fa71833c000-7fa71833d000 r--p 00006000 00:21 44629                      /home/rauldelary/.sdkman/candidates/java/11.0.10.hs-adpt/lib/libzip.so
7fa71833d000-7fa71833e000 rw-p 00007000 00:21 44629                      /home/rauldelary/.sdkman/candidates/java/11.0.10.hs-adpt/lib/libzip.so
7fa71833e000-7fa718359000 r-xp 00000000 00:21 44604                      /home/rauldelary/.sdkman/candidates/java/11.0.10.hs-adpt/lib/libjimage.so
7fa718359000-7fa718559000 ---p 0001b000 00:21 44604                      /home/rauldelary/.sdkman/candidates/java/11.0.10.hs-adpt/lib/libjimage.so
7fa718559000-7fa71855b000 r--p 0001b000 00:21 44604                      /home/rauldelary/.sdkman/candidates/java/11.0.10.hs-adpt/lib/libjimage.so
7fa71855b000-7fa71855c000 rw-p 0001d000 00:21 44604                      /home/rauldelary/.sdkman/candidates/java/11.0.10.hs-adpt/lib/libjimage.so
7fa71855c000-7fa718585000 r-xp 00000000 00:21 44648                      /home/rauldelary/.sdkman/candidates/java/11.0.10.hs-adpt/lib/libjava.so
7fa718585000-7fa718784000 ---p 00029000 00:21 44648                      /home/rauldelary/.sdkman/candidates/java/11.0.10.hs-adpt/lib/libjava.so
7fa718784000-7fa718785000 r--p 00028000 00:21 44648                      /home/rauldelary/.sdkman/candidates/java/11.0.10.hs-adpt/lib/libjava.so
7fa718785000-7fa718786000 rw-p 00029000 00:21 44648                      /home/rauldelary/.sdkman/candidates/java/11.0.10.hs-adpt/lib/libjava.so
7fa718786000-7fa718787000 rw-p 00000000 00:00 0 
7fa718787000-7fa718798000 r-xp 00000000 00:21 44624                      /home/rauldelary/.sdkman/candidates/java/11.0.10.hs-adpt/lib/libverify.so
7fa718798000-7fa718997000 ---p 00011000 00:21 44624                      /home/rauldelary/.sdkman/candidates/java/11.0.10.hs-adpt/lib/libverify.so
7fa718997000-7fa718999000 r--p 00010000 00:21 44624                      /home/rauldelary/.sdkman/candidates/java/11.0.10.hs-adpt/lib/libverify.so
7fa718999000-7fa71899a000 rw-p 00012000 00:21 44624                      /home/rauldelary/.sdkman/candidates/java/11.0.10.hs-adpt/lib/libverify.so
7fa71899a000-7fa71899d000 r--p 00000000 00:21 173200                     /usr/lib64/librt-2.32.so
7fa71899d000-7fa7189a1000 r-xp 00003000 00:21 173200                     /usr/lib64/librt-2.32.so
7fa7189a1000-7fa7189a3000 r--p 00007000 00:21 173200                     /usr/lib64/librt-2.32.so
7fa7189a3000-7fa7189a4000 r--p 00008000 00:21 173200                     /usr/lib64/librt-2.32.so
7fa7189a4000-7fa7189a5000 rw-p 00009000 00:21 173200                     /usr/lib64/librt-2.32.so
7fa7189a5000-7fa7189a9000 ---p 00000000 00:00 0 
7fa7189a9000-7fa718aa6000 rw-p 00000000 00:00 0 
7fa718aa6000-7fa718ab5000 r--p 00000000 00:21 173186                     /usr/lib64/libm-2.32.so
7fa718ab5000-7fa718b51000 r-xp 0000f000 00:21 173186                     /usr/lib64/libm-2.32.so
7fa718b51000-7fa718bea000 r--p 000ab000 00:21 173186                     /usr/lib64/libm-2.32.so
7fa718bea000-7fa718beb000 r--p 00143000 00:21 173186                     /usr/lib64/libm-2.32.so
7fa718beb000-7fa718bec000 rw-p 00144000 00:21 173186                     /usr/lib64/libm-2.32.so
7fa718bec000-7fa719e43000 r-xp 00000000 00:21 44619                      /home/rauldelary/.sdkman/candidates/java/11.0.10.hs-adpt/lib/server/libjvm.so
7fa719e43000-7fa71a043000 ---p 01257000 00:21 44619                      /home/rauldelary/.sdkman/candidates/java/11.0.10.hs-adpt/lib/server/libjvm.so
7fa71a043000-7fa71a105000 r--p 01257000 00:21 44619                      /home/rauldelary/.sdkman/candidates/java/11.0.10.hs-adpt/lib/server/libjvm.so
7fa71a105000-7fa71a140000 rw-p 01319000 00:21 44619                      /home/rauldelary/.sdkman/candidates/java/11.0.10.hs-adpt/lib/server/libjvm.so
7fa71a140000-7fa71a199000 rw-p 00000000 00:00 0 
7fa71a199000-7fa71a1bf000 r--p 00000000 00:21 173182                     /usr/lib64/libc-2.32.so
7fa71a1bf000-7fa71a30e000 r-xp 00026000 00:21 173182                     /usr/lib64/libc-2.32.so
7fa71a30e000-7fa71a359000 r--p 00175000 00:21 173182                     /usr/lib64/libc-2.32.so
7fa71a359000-7fa71a35a000 ---p 001c0000 00:21 173182                     /usr/lib64/libc-2.32.so
7fa71a35a000-7fa71a35d000 r--p 001c0000 00:21 173182                     /usr/lib64/libc-2.32.so
7fa71a35d000-7fa71a360000 rw-p 001c3000 00:21 173182                     /usr/lib64/libc-2.32.so
7fa71a360000-7fa71a364000 rw-p 00000000 00:00 0 
7fa71a364000-7fa71a366000 r--p 00000000 00:21 173184                     /usr/lib64/libdl-2.32.so
7fa71a366000-7fa71a368000 r-xp 00002000 00:21 173184                     /usr/lib64/libdl-2.32.so
7fa71a368000-7fa71a369000 r--p 00004000 00:21 173184                     /usr/lib64/libdl-2.32.so
7fa71a369000-7fa71a36a000 r--p 00004000 00:21 173184                     /usr/lib64/libdl-2.32.so
7fa71a36a000-7fa71a36b000 rw-p 00000000 00:00 0 
7fa71a36b000-7fa71a37b000 r-xp 00000000 00:21 44613                      /home/rauldelary/.sdkman/candidates/java/11.0.10.hs-adpt/lib/jli/libjli.so
7fa71a37b000-7fa71a57a000 ---p 00010000 00:21 44613                      /home/rauldelary/.sdkman/candidates/java/11.0.10.hs-adpt/lib/jli/libjli.so
7fa71a57a000-7fa71a57b000 r--p 0000f000 00:21 44613                      /home/rauldelary/.sdkman/candidates/java/11.0.10.hs-adpt/lib/jli/libjli.so
7fa71a57b000-7fa71a57c000 rw-p 00010000 00:21 44613                      /home/rauldelary/.sdkman/candidates/java/11.0.10.hs-adpt/lib/jli/libjli.so
7fa71a57c000-7fa71a583000 r--p 00000000 00:21 173196                     /usr/lib64/libpthread-2.32.so
7fa71a583000-7fa71a593000 r-xp 00007000 00:21 173196                     /usr/lib64/libpthread-2.32.so
7fa71a593000-7fa71a598000 r--p 00017000 00:21 173196                     /usr/lib64/libpthread-2.32.so
7fa71a598000-7fa71a599000 r--p 0001b000 00:21 173196                     /usr/lib64/libpthread-2.32.so
7fa71a599000-7fa71a59a000 rw-p 0001c000 00:21 173196                     /usr/lib64/libpthread-2.32.so
7fa71a59a000-7fa71a59e000 rw-p 00000000 00:00 0 
7fa71a59e000-7fa71a5a1000 r--p 00000000 00:21 173757                     /usr/lib64/libz.so.1.2.11
7fa71a5a1000-7fa71a5af000 r-xp 00003000 00:21 173757                     /usr/lib64/libz.so.1.2.11
7fa71a5af000-7fa71a5b5000 r--p 00011000 00:21 173757                     /usr/lib64/libz.so.1.2.11
7fa71a5b5000-7fa71a5b6000 ---p 00017000 00:21 173757                     /usr/lib64/libz.so.1.2.11
7fa71a5b6000-7fa71a5b7000 r--p 00017000 00:21 173757                     /usr/lib64/libz.so.1.2.11
7fa71a5b7000-7fa71a5ba000 rw-p 00000000 00:00 0 
7fa71a5bd000-7fa71a5c5000 rw-s 00000000 00:28 268                        /tmp/hsperfdata_rauldelary/6950
7fa71a5c5000-7fa71a5c7000 r--p 00000000 00:21 245677                     /usr/lib64/libnss_sss.so.2
7fa71a5c7000-7fa71a5ce000 r-xp 00002000 00:21 245677                     /usr/lib64/libnss_sss.so.2
7fa71a5ce000-7fa71a5d0000 r--p 00009000 00:21 245677                     /usr/lib64/libnss_sss.so.2
7fa71a5d0000-7fa71a5d1000 r--p 0000a000 00:21 245677                     /usr/lib64/libnss_sss.so.2
7fa71a5d1000-7fa71a5d2000 rw-p 0000b000 00:21 245677                     /usr/lib64/libnss_sss.so.2
7fa71a5d2000-7fa71a5d3000 ---p 00000000 00:00 0 
7fa71a5d3000-7fa71a5d4000 r--p 00000000 00:00 0 
7fa71a5d4000-7fa71a5d5000 r--p 00000000 00:21 173175                     /usr/lib64/ld-2.32.so
7fa71a5d5000-7fa71a5f6000 r-xp 00001000 00:21 173175                     /usr/lib64/ld-2.32.so
7fa71a5f6000-7fa71a5ff000 r--p 00022000 00:21 173175                     /usr/lib64/ld-2.32.so
7fa71a5ff000-7fa71a600000 r--p 0002a000 00:21 173175                     /usr/lib64/ld-2.32.so
7fa71a600000-7fa71a602000 rw-p 0002b000 00:21 173175                     /usr/lib64/ld-2.32.so
7ffde16d4000-7ffde16f6000 rw-p 00000000 00:00 0                          [stack]
7ffde16f8000-7ffde16fc000 r--p 00000000 00:00 0                          [vvar]
7ffde16fc000-7ffde16fe000 r-xp 00000000 00:00 0                          [vdso]
ffffffffff600000-ffffffffff601000 r-xp 00000000 00:00 0                  [vsyscall]


VM Arguments:
jvm_args: --add-modules=ALL-SYSTEM --add-opens=java.base/java.util=ALL-UNNAMED --add-opens=java.base/java.lang=ALL-UNNAMED -Declipse.application=org.eclipse.jdt.ls.core.id1 -Dosgi.bundles.defaultStartLevel=4 -Declipse.product=org.eclipse.jdt.ls.core.product -Dfile.encoding=utf8 -XX:+UseParallelGC -XX:GCTimeRatio=4 -XX:AdaptiveSizePolicyWeight=90 -Dsun.zip.disableMemoryMapping=true -Xmx1G -Xms100m -Xverify:none 
java_command: /home/rauldelary/.vscode/extensions/redhat.java-0.75.0/server/plugins/org.eclipse.equinox.launcher_1.6.0.v20200915-1508.jar -configuration /home/rauldelary/.config/Code/User/globalStorage/redhat.java/0.75.0/config_linux -data /home/rauldelary/.config/Code/User/workspaceStorage/0819951ecafd7733e743bda42b3b13eb/redhat.java/jdt_ws
java_class_path (initial): /home/rauldelary/.vscode/extensions/redhat.java-0.75.0/server/plugins/org.eclipse.equinox.launcher_1.6.0.v20200915-1508.jar
Launcher Type: SUN_STANDARD

[Global flags]
    uintx AdaptiveSizePolicyWeight                 = 90                                        {product} {command line}
     bool BytecodeVerificationLocal                = false                                     {product} {command line}
     bool BytecodeVerificationRemote               = false                                     {product} {command line}
     intx CICompilerCount                          = 3                                         {product} {ergonomic}
    uintx GCTimeRatio                              = 4                                         {product} {command line}
   size_t InitialHeapSize                          = 104857600                                 {product} {command line}
   size_t MaxHeapSize                              = 1073741824                                {product} {command line}
   size_t MaxNewSize                               = 357564416                                 {product} {ergonomic}
   size_t MinHeapDeltaBytes                        = 524288                                    {product} {ergonomic}
   size_t NewSize                                  = 34603008                                  {product} {ergonomic}
    uintx NonNMethodCodeHeapSize                   = 5830732                                {pd product} {ergonomic}
    uintx NonProfiledCodeHeapSize                  = 122913754                              {pd product} {ergonomic}
   size_t OldSize                                  = 70254592                                  {product} {ergonomic}
    uintx ProfiledCodeHeapSize                     = 122913754                              {pd product} {ergonomic}
    uintx ReservedCodeCacheSize                    = 251658240                              {pd product} {ergonomic}
     bool SegmentedCodeCache                       = true                                      {product} {ergonomic}
     bool UseCompressedClassPointers               = true                                 {lp64_product} {ergonomic}
     bool UseCompressedOops                        = true                                 {lp64_product} {ergonomic}
     bool UseParallelGC                            = true                                      {product} {command line}

Logging:
Log output configuration:
 #0: stdout all=warning uptime,level,tags
 #1: stderr all=off uptime,level,tags

Environment Variables:
JAVA_HOME=/home/rauldelary/.sdkman/candidates/java/current
PATH=/home/rauldelary/.sdkman/candidates/java/current/bin:/home/rauldelary/.local/bin:/home/rauldelary/bin:/usr/local/bin:/usr/local/sbin:/usr/bin:/usr/sbin:/var/lib/snapd/snap/bin
USERNAME=rauldelary
SHELL=/bin/bash
DISPLAY=:0
LANG=en_US.UTF-8

Signal Handlers:
SIGSEGV: [libjvm.so+0xf307d0], sa_mask[0]=11111111011111111101111111111110, sa_flags=SA_RESTART|SA_SIGINFO
SIGBUS: [libjvm.so+0xf307d0], sa_mask[0]=11111111011111111101111111111110, sa_flags=SA_RESTART|SA_SIGINFO
SIGFPE: [libjvm.so+0xf307d0], sa_mask[0]=11111111011111111101111111111110, sa_flags=SA_RESTART|SA_SIGINFO
SIGPIPE: [libjvm.so+0xc52e90], sa_mask[0]=11111111011111111101111111111110, sa_flags=SA_RESTART|SA_SIGINFO
SIGXFSZ: [libjvm.so+0xc52e90], sa_mask[0]=11111111011111111101111111111110, sa_flags=SA_RESTART|SA_SIGINFO
SIGILL: [libjvm.so+0xf307d0], sa_mask[0]=11111111011111111101111111111110, sa_flags=SA_RESTART|SA_SIGINFO
SIGUSR2: [libjvm.so+0xc52d30], sa_mask[0]=00000000000000000000000000000000, sa_flags=SA_RESTART|SA_SIGINFO
SIGHUP: [libjvm.so+0xc53090], sa_mask[0]=11111111011111111101111111111110, sa_flags=SA_RESTART|SA_SIGINFO
SIGINT: [libjvm.so+0xc53090], sa_mask[0]=11111111011111111101111111111110, sa_flags=SA_RESTART|SA_SIGINFO
SIGTERM: [libjvm.so+0xc53090], sa_mask[0]=11111111011111111101111111111110, sa_flags=SA_RESTART|SA_SIGINFO
SIGQUIT: [libjvm.so+0xc53090], sa_mask[0]=11111111011111111101111111111110, sa_flags=SA_RESTART|SA_SIGINFO


---------------  S Y S T E M  ---------------

OS:Fedora release 33 (Thirty Three)
uname:Linux 5.10.15-200.fc33.x86_64 #1 SMP Wed Feb 10 17:46:55 UTC 2021 x86_64
OS uptime: 0 days 9:43 hours
libc:glibc 2.32 NPTL 2.32 
rlimit (soft/hard): STACK 8192k/infinity , CORE infinity/infinity , NPROC 31004/31004 , NOFILE 524288/524288 , AS infinity/infinity , CPU infinity/infinity , DATA infinity/infinity , FSIZE infinity/infinity , MEMLOCK 64k/64k
load average:0.73 1.40 1.61

/proc/meminfo:
MemTotal:        7978800 kB
MemFree:          564944 kB
MemAvailable:    2298268 kB
Buffers:             864 kB
Cached:          2074752 kB
SwapCached:         2160 kB
Active:          1434204 kB
Inactive:        5398244 kB
Active(anon):     237244 kB
Inactive(anon):  4672248 kB
Active(file):    1196960 kB
Inactive(file):   725996 kB
Unevictable:        5060 kB
Mlocked:            4888 kB
SwapTotal:       3988476 kB
SwapFree:        3815932 kB
Dirty:             10540 kB
Writeback:             0 kB
AnonPages:       4759960 kB
Mapped:           817720 kB
Shmem:            243752 kB
KReclaimable:      73496 kB
Slab:             222620 kB
SReclaimable:      73496 kB
SUnreclaim:       149124 kB
KernelStack:       17472 kB
PageTables:        58848 kB
NFS_Unstable:          0 kB
Bounce:                0 kB
WritebackTmp:          0 kB
CommitLimit:     7977876 kB
Committed_AS:   15730312 kB
VmallocTotal:   34359738367 kB
VmallocUsed:       90396 kB
VmallocChunk:          0 kB
Percpu:             3600 kB
HardwareCorrupted:     0 kB
AnonHugePages:         0 kB
ShmemHugePages:        0 kB
ShmemPmdMapped:        0 kB
FileHugePages:         0 kB
FilePmdMapped:         0 kB
CmaTotal:              0 kB
CmaFree:               0 kB
HugePages_Total:       0
HugePages_Free:        0
HugePages_Rsvd:        0
HugePages_Surp:        0
Hugepagesize:       2048 kB
Hugetlb:               0 kB
DirectMap4k:     1059852 kB
DirectMap2M:     7163904 kB
DirectMap1G:           0 kB

/sys/kernel/mm/transparent_hugepage/enabled:
always [madvise] never
/sys/kernel/mm/transparent_hugepage/defrag (defrag/compaction efforts parameter):
always defer defer+madvise [madvise] never

/proc/sys/kernel/threads-max (system-wide limit on the number of threads):
62008
/proc/sys/vm/max_map_count (maximum number of memory map areas a process may have):
262144
/proc/sys/kernel/pid_max (system-wide limit on number of process identifiers):
4194304

Steal ticks since vm start: 0
Steal ticks percentage since vm start:  0.000

CPU:total 4 (initial active 4) (2 cores per cpu, 2 threads per core) family 6 model 60 stepping 3 microcode 0x28, cmov, cx8, fxsr, mmx, sse, sse2, sse3, ssse3, sse4.1, sse4.2, popcnt, avx, avx2, aes, clmul, erms, lzcnt, ht, tsc, tscinvbit, bmi1, bmi2, fma
CPU Model and flags from /proc/cpuinfo:
model name	: Intel(R) Core(TM) i3-4170 CPU @ 3.70GHz
flags		: fpu vme de pse tsc msr pae mce cx8 apic sep mtrr pge mca cmov pat pse36 clflush dts acpi mmx fxsr sse sse2 ss ht tm pbe syscall nx pdpe1gb rdtscp lm constant_tsc arch_perfmon pebs bts rep_good nopl xtopology nonstop_tsc cpuid aperfmperf pni pclmulqdq dtes64 monitor ds_cpl vmx est tm2 ssse3 sdbg fma cx16 xtpr pdcm pcid sse4_1 sse4_2 movbe popcnt tsc_deadline_timer aes xsave avx f16c rdrand lahf_lm abm cpuid_fault epb invpcid_single pti ssbd ibrs ibpb stibp tpr_shadow vnmi flexpriority ept vpid ept_ad fsgsbase tsc_adjust bmi1 avx2 smep bmi2 erms invpcid xsaveopt dtherm arat pln pts md_clear flush_l1d
Online cpus:
0-3
Offline cpus:

BIOS frequency limitation:
<Not Available>
Frequency switch latency (ns):
20000
Available cpu frequencies:
<Not Available>
Current governor:
schedutil
Core performance/turbo boost:
<Not Available>

Memory: 4k page, physical 7978800k(564944k free), swap 3988476k(3815932k free)

vm_info: OpenJDK 64-Bit Server VM (11.0.10+9) for linux-amd64 JRE (11.0.10+9), built on Jan 20 2021 12:11:51 by "" with gcc 7.5.0

END.
